{"/home/nikola/Desktop/InstagramClone/microservices/post-service/app.js": {"path":"/home/nikola/Desktop/InstagramClone/microservices/post-service/app.js","statementMap":{"0":{"start":{"line":1,"column":16},"end":{"line":1,"column":34}},"1":{"start":{"line":2,"column":13},"end":{"line":2,"column":28}},"2":{"start":{"line":3,"column":13},"end":{"line":3,"column":28}},"3":{"start":{"line":4,"column":11},"end":{"line":4,"column":24}},"4":{"start":{"line":5,"column":0},"end":{"line":5,"column":27}},"5":{"start":{"line":7,"column":12},"end":{"line":7,"column":21}},"6":{"start":{"line":9,"column":0},"end":{"line":9,"column":16}},"7":{"start":{"line":10,"column":0},"end":{"line":10,"column":24}},"8":{"start":{"line":13,"column":19},"end":{"line":13,"column":50}},"9":{"start":{"line":14,"column":0},"end":{"line":16,"column":1}},"10":{"start":{"line":15,"column":2},"end":{"line":15,"column":48}},"11":{"start":{"line":19,"column":0},"end":{"line":19,"column":46}},"12":{"start":{"line":20,"column":0},"end":{"line":20,"column":48}},"13":{"start":{"line":23,"column":0},"end":{"line":23,"column":45}},"14":{"start":{"line":24,"column":0},"end":{"line":24,"column":51}},"15":{"start":{"line":26,"column":0},"end":{"line":28,"column":3}},"16":{"start":{"line":27,"column":2},"end":{"line":27,"column":46}},"17":{"start":{"line":30,"column":0},"end":{"line":30,"column":21}}},"fnMap":{"0":{"name":"(anonymous_0)","decl":{"start":{"line":26,"column":13},"end":{"line":26,"column":14}},"loc":{"start":{"line":26,"column":27},"end":{"line":28,"column":1}},"line":26}},"branchMap":{"0":{"loc":{"start":{"line":14,"column":0},"end":{"line":16,"column":1}},"type":"if","locations":[{"start":{"line":14,"column":0},"end":{"line":16,"column":1}},{"start":{},"end":{}}],"line":14}},"s":{"0":1,"1":1,"2":1,"3":1,"4":1,"5":1,"6":1,"7":1,"8":1,"9":1,"10":0,"11":1,"12":1,"13":1,"14":1,"15":1,"16":0,"17":1},"f":{"0":0},"b":{"0":[0,1]},"_coverageSchema":"1a1c01bbd47fc00a2c39e90264f33305004495a9","hash":"b579260134e05aed3524c53ea7c36f8dc7c62e41"}
,"/home/nikola/Desktop/InstagramClone/microservices/post-service/routes/internal.js": {"path":"/home/nikola/Desktop/InstagramClone/microservices/post-service/routes/internal.js","statementMap":{"0":{"start":{"line":1,"column":16},"end":{"line":1,"column":34}},"1":{"start":{"line":2,"column":15},"end":{"line":2,"column":31}},"2":{"start":{"line":3,"column":17},"end":{"line":3,"column":30}},"3":{"start":{"line":4,"column":14},"end":{"line":4,"column":30}},"4":{"start":{"line":6,"column":13},"end":{"line":6,"column":69}},"5":{"start":{"line":9,"column":0},"end":{"line":34,"column":3}},"6":{"start":{"line":10,"column":4},"end":{"line":33,"column":5}},"7":{"start":{"line":11,"column":23},"end":{"line":16,"column":9}},"8":{"start":{"line":18,"column":22},"end":{"line":28,"column":11}},"9":{"start":{"line":19,"column":26},"end":{"line":19,"column":120}},"10":{"start":{"line":20,"column":32},"end":{"line":20,"column":116}},"11":{"start":{"line":22,"column":12},"end":{"line":27,"column":14}},"12":{"start":{"line":30,"column":8},"end":{"line":30,"column":24}},"13":{"start":{"line":32,"column":8},"end":{"line":32,"column":45}},"14":{"start":{"line":37,"column":0},"end":{"line":45,"column":3}},"15":{"start":{"line":38,"column":4},"end":{"line":44,"column":5}},"16":{"start":{"line":39,"column":23},"end":{"line":39,"column":103}},"17":{"start":{"line":40,"column":8},"end":{"line":40,"column":93}},"18":{"start":{"line":40,"column":38},"end":{"line":40,"column":93}},"19":{"start":{"line":41,"column":8},"end":{"line":41,"column":33}},"20":{"start":{"line":43,"column":8},"end":{"line":43,"column":45}},"21":{"start":{"line":48,"column":0},"end":{"line":58,"column":3}},"22":{"start":{"line":49,"column":24},"end":{"line":49,"column":32}},"23":{"start":{"line":50,"column":4},"end":{"line":57,"column":5}},"24":{"start":{"line":51,"column":23},"end":{"line":51,"column":109}},"25":{"start":{"line":52,"column":24},"end":{"line":52,"column":26}},"26":{"start":{"line":53,"column":8},"end":{"line":53,"column":57}},"27":{"start":{"line":53,"column":35},"end":{"line":53,"column":53}},"28":{"start":{"line":54,"column":8},"end":{"line":54,"column":26}},"29":{"start":{"line":56,"column":8},"end":{"line":56,"column":45}},"30":{"start":{"line":60,"column":0},"end":{"line":60,"column":24}}},"fnMap":{"0":{"name":"(anonymous_0)","decl":{"start":{"line":9,"column":28},"end":{"line":9,"column":29}},"loc":{"start":{"line":9,"column":48},"end":{"line":34,"column":1}},"line":9},"1":{"name":"(anonymous_1)","decl":{"start":{"line":18,"column":56},"end":{"line":18,"column":57}},"loc":{"start":{"line":18,"column":72},"end":{"line":28,"column":9}},"line":18},"2":{"name":"(anonymous_2)","decl":{"start":{"line":37,"column":25},"end":{"line":37,"column":26}},"loc":{"start":{"line":37,"column":45},"end":{"line":45,"column":1}},"line":37},"3":{"name":"(anonymous_3)","decl":{"start":{"line":48,"column":27},"end":{"line":48,"column":28}},"loc":{"start":{"line":48,"column":47},"end":{"line":58,"column":1}},"line":48},"4":{"name":"(anonymous_4)","decl":{"start":{"line":53,"column":28},"end":{"line":53,"column":29}},"loc":{"start":{"line":53,"column":33},"end":{"line":53,"column":55}},"line":53}},"branchMap":{"0":{"loc":{"start":{"line":40,"column":8},"end":{"line":40,"column":93}},"type":"if","locations":[{"start":{"line":40,"column":8},"end":{"line":40,"column":93}},{"start":{},"end":{}}],"line":40}},"s":{"0":1,"1":1,"2":1,"3":1,"4":1,"5":1,"6":0,"7":0,"8":0,"9":0,"10":0,"11":0,"12":0,"13":0,"14":1,"15":1,"16":1,"17":1,"18":1,"19":0,"20":0,"21":1,"22":0,"23":0,"24":0,"25":0,"26":0,"27":0,"28":0,"29":0,"30":1},"f":{"0":0,"1":0,"2":1,"3":0,"4":0},"b":{"0":[1,0]},"_coverageSchema":"1a1c01bbd47fc00a2c39e90264f33305004495a9","hash":"325cdb99fcb89000f638b3c1ed933f1c14097343"}
,"/home/nikola/Desktop/InstagramClone/microservices/post-service/routes/posts.js": {"path":"/home/nikola/Desktop/InstagramClone/microservices/post-service/routes/posts.js","statementMap":{"0":{"start":{"line":1,"column":16},"end":{"line":1,"column":34}},"1":{"start":{"line":2,"column":15},"end":{"line":2,"column":31}},"2":{"start":{"line":3,"column":17},"end":{"line":3,"column":30}},"3":{"start":{"line":4,"column":13},"end":{"line":4,"column":42}},"4":{"start":{"line":5,"column":21},"end":{"line":5,"column":58}},"5":{"start":{"line":6,"column":14},"end":{"line":6,"column":30}},"6":{"start":{"line":7,"column":15},"end":{"line":7,"column":32}},"7":{"start":{"line":8,"column":13},"end":{"line":8,"column":28}},"8":{"start":{"line":9,"column":11},"end":{"line":9,"column":24}},"9":{"start":{"line":11,"column":13},"end":{"line":11,"column":69}},"10":{"start":{"line":13,"column":16},"end":{"line":16,"column":2}},"11":{"start":{"line":14,"column":34},"end":{"line":14,"column":54}},"12":{"start":{"line":15,"column":31},"end":{"line":15,"column":96}},"13":{"start":{"line":17,"column":15},"end":{"line":20,"column":21}},"14":{"start":{"line":23,"column":0},"end":{"line":73,"column":3}},"15":{"start":{"line":24,"column":17},"end":{"line":24,"column":28}},"16":{"start":{"line":25,"column":2},"end":{"line":72,"column":3}},"17":{"start":{"line":26,"column":20},"end":{"line":26,"column":103}},"18":{"start":{"line":27,"column":25},"end":{"line":27,"column":43}},"19":{"start":{"line":28,"column":4},"end":{"line":28,"column":30}},"20":{"start":{"line":30,"column":19},"end":{"line":35,"column":5}},"21":{"start":{"line":37,"column":4},"end":{"line":37,"column":54}},"22":{"start":{"line":37,"column":34},"end":{"line":37,"column":54}},"23":{"start":{"line":39,"column":20},"end":{"line":39,"column":46}},"24":{"start":{"line":39,"column":41},"end":{"line":39,"column":45}},"25":{"start":{"line":40,"column":20},"end":{"line":40,"column":65}},"26":{"start":{"line":40,"column":53},"end":{"line":40,"column":62}},"27":{"start":{"line":43,"column":34},"end":{"line":46,"column":6}},"28":{"start":{"line":48,"column":20},"end":{"line":48,"column":33}},"29":{"start":{"line":49,"column":21},"end":{"line":49,"column":35}},"30":{"start":{"line":51,"column":18},"end":{"line":66,"column":7}},"31":{"start":{"line":52,"column":22},"end":{"line":52,"column":116}},"32":{"start":{"line":53,"column":21},"end":{"line":53,"column":48}},"33":{"start":{"line":54,"column":22},"end":{"line":54,"column":76}},"34":{"start":{"line":56,"column":8},"end":{"line":65,"column":10}},"35":{"start":{"line":68,"column":4},"end":{"line":68,"column":20}},"36":{"start":{"line":70,"column":4},"end":{"line":70,"column":50}},"37":{"start":{"line":71,"column":4},"end":{"line":71,"column":41}},"38":{"start":{"line":78,"column":0},"end":{"line":108,"column":3}},"39":{"start":{"line":79,"column":17},"end":{"line":79,"column":30}},"40":{"start":{"line":80,"column":19},"end":{"line":80,"column":48}},"41":{"start":{"line":81,"column":2},"end":{"line":107,"column":3}},"42":{"start":{"line":82,"column":20},"end":{"line":82,"column":83}},"43":{"start":{"line":83,"column":4},"end":{"line":83,"column":90}},"44":{"start":{"line":83,"column":35},"end":{"line":83,"column":90}},"45":{"start":{"line":84,"column":17},"end":{"line":84,"column":32}},"46":{"start":{"line":86,"column":22},"end":{"line":88,"column":6}},"47":{"start":{"line":89,"column":4},"end":{"line":89,"column":89}},"48":{"start":{"line":89,"column":33},"end":{"line":89,"column":89}},"49":{"start":{"line":91,"column":18},"end":{"line":91,"column":111}},"50":{"start":{"line":92,"column":20},"end":{"line":92,"column":105}},"51":{"start":{"line":93,"column":24},"end":{"line":93,"column":107}},"52":{"start":{"line":95,"column":4},"end":{"line":104,"column":7}},"53":{"start":{"line":106,"column":4},"end":{"line":106,"column":41}},"54":{"start":{"line":110,"column":0},"end":{"line":129,"column":3}},"55":{"start":{"line":111,"column":2},"end":{"line":128,"column":5}},"56":{"start":{"line":112,"column":4},"end":{"line":112,"column":55}},"57":{"start":{"line":112,"column":13},"end":{"line":112,"column":55}},"58":{"start":{"line":113,"column":24},"end":{"line":113,"column":32}},"59":{"start":{"line":114,"column":19},"end":{"line":114,"column":30}},"60":{"start":{"line":115,"column":4},"end":{"line":127,"column":5}},"61":{"start":{"line":116,"column":22},"end":{"line":116,"column":126}},"62":{"start":{"line":117,"column":21},"end":{"line":117,"column":39}},"63":{"start":{"line":118,"column":28},"end":{"line":122,"column":8}},"64":{"start":{"line":119,"column":25},"end":{"line":119,"column":52}},"65":{"start":{"line":120,"column":26},"end":{"line":120,"column":79}},"66":{"start":{"line":121,"column":8},"end":{"line":121,"column":155}},"67":{"start":{"line":123,"column":6},"end":{"line":123,"column":39}},"68":{"start":{"line":124,"column":6},"end":{"line":124,"column":40}},"69":{"start":{"line":126,"column":6},"end":{"line":126,"column":43}},"70":{"start":{"line":131,"column":0},"end":{"line":147,"column":3}},"71":{"start":{"line":132,"column":22},"end":{"line":132,"column":30}},"72":{"start":{"line":133,"column":17},"end":{"line":133,"column":28}},"73":{"start":{"line":134,"column":2},"end":{"line":146,"column":3}},"74":{"start":{"line":135,"column":17},"end":{"line":135,"column":93}},"75":{"start":{"line":136,"column":4},"end":{"line":136,"column":87}},"76":{"start":{"line":136,"column":32},"end":{"line":136,"column":87}},"77":{"start":{"line":137,"column":4},"end":{"line":137,"column":94}},"78":{"start":{"line":137,"column":41},"end":{"line":137,"column":94}},"79":{"start":{"line":139,"column":19},"end":{"line":142,"column":5}},"80":{"start":{"line":143,"column":4},"end":{"line":143,"column":29}},"81":{"start":{"line":145,"column":4},"end":{"line":145,"column":41}},"82":{"start":{"line":149,"column":0},"end":{"line":162,"column":3}},"83":{"start":{"line":150,"column":17},"end":{"line":150,"column":28}},"84":{"start":{"line":151,"column":2},"end":{"line":161,"column":3}},"85":{"start":{"line":152,"column":17},"end":{"line":152,"column":93}},"86":{"start":{"line":153,"column":4},"end":{"line":153,"column":87}},"87":{"start":{"line":153,"column":32},"end":{"line":153,"column":87}},"88":{"start":{"line":154,"column":4},"end":{"line":154,"column":94}},"89":{"start":{"line":154,"column":41},"end":{"line":154,"column":94}},"90":{"start":{"line":155,"column":4},"end":{"line":155,"column":78}},"91":{"start":{"line":156,"column":4},"end":{"line":156,"column":73}},"92":{"start":{"line":157,"column":4},"end":{"line":157,"column":99}},"93":{"start":{"line":158,"column":4},"end":{"line":158,"column":38}},"94":{"start":{"line":160,"column":4},"end":{"line":160,"column":41}},"95":{"start":{"line":165,"column":0},"end":{"line":187,"column":3}},"96":{"start":{"line":166,"column":26},"end":{"line":166,"column":36}},"97":{"start":{"line":167,"column":17},"end":{"line":167,"column":28}},"98":{"start":{"line":168,"column":2},"end":{"line":186,"column":3}},"99":{"start":{"line":169,"column":17},"end":{"line":169,"column":82}},"100":{"start":{"line":170,"column":4},"end":{"line":170,"column":87}},"101":{"start":{"line":170,"column":32},"end":{"line":170,"column":87}},"102":{"start":{"line":171,"column":4},"end":{"line":171,"column":94}},"103":{"start":{"line":171,"column":41},"end":{"line":171,"column":94}},"104":{"start":{"line":173,"column":18},"end":{"line":173,"column":111}},"105":{"start":{"line":174,"column":4},"end":{"line":174,"column":89}},"106":{"start":{"line":174,"column":33},"end":{"line":174,"column":89}},"107":{"start":{"line":177,"column":21},"end":{"line":177,"column":66}},"108":{"start":{"line":178,"column":4},"end":{"line":180,"column":5}},"109":{"start":{"line":179,"column":6},"end":{"line":179,"column":30}},"110":{"start":{"line":182,"column":4},"end":{"line":182,"column":67}},"111":{"start":{"line":183,"column":4},"end":{"line":183,"column":39}},"112":{"start":{"line":185,"column":4},"end":{"line":185,"column":41}},"113":{"start":{"line":189,"column":0},"end":{"line":189,"column":24}}},"fnMap":{"0":{"name":"(anonymous_0)","decl":{"start":{"line":14,"column":15},"end":{"line":14,"column":16}},"loc":{"start":{"line":14,"column":34},"end":{"line":14,"column":54}},"line":14},"1":{"name":"(anonymous_1)","decl":{"start":{"line":15,"column":12},"end":{"line":15,"column":13}},"loc":{"start":{"line":15,"column":31},"end":{"line":15,"column":96}},"line":15},"2":{"name":"(anonymous_2)","decl":{"start":{"line":23,"column":30},"end":{"line":23,"column":31}},"loc":{"start":{"line":23,"column":50},"end":{"line":73,"column":1}},"line":23},"3":{"name":"(anonymous_3)","decl":{"start":{"line":39,"column":36},"end":{"line":39,"column":37}},"loc":{"start":{"line":39,"column":41},"end":{"line":39,"column":45}},"line":39},"4":{"name":"(anonymous_4)","decl":{"start":{"line":40,"column":48},"end":{"line":40,"column":49}},"loc":{"start":{"line":40,"column":53},"end":{"line":40,"column":62}},"line":40},"5":{"name":"(anonymous_5)","decl":{"start":{"line":51,"column":52},"end":{"line":51,"column":53}},"loc":{"start":{"line":51,"column":68},"end":{"line":66,"column":5}},"line":51},"6":{"name":"(anonymous_6)","decl":{"start":{"line":78,"column":33},"end":{"line":78,"column":34}},"loc":{"start":{"line":78,"column":53},"end":{"line":108,"column":1}},"line":78},"7":{"name":"(anonymous_7)","decl":{"start":{"line":110,"column":23},"end":{"line":110,"column":24}},"loc":{"start":{"line":110,"column":37},"end":{"line":129,"column":1}},"line":110},"8":{"name":"(anonymous_8)","decl":{"start":{"line":111,"column":19},"end":{"line":111,"column":20}},"loc":{"start":{"line":111,"column":34},"end":{"line":128,"column":3}},"line":111},"9":{"name":"(anonymous_9)","decl":{"start":{"line":118,"column":42},"end":{"line":118,"column":43}},"loc":{"start":{"line":118,"column":59},"end":{"line":122,"column":7}},"line":118},"10":{"name":"(anonymous_10)","decl":{"start":{"line":131,"column":25},"end":{"line":131,"column":26}},"loc":{"start":{"line":131,"column":45},"end":{"line":147,"column":1}},"line":131},"11":{"name":"(anonymous_11)","decl":{"start":{"line":149,"column":28},"end":{"line":149,"column":29}},"loc":{"start":{"line":149,"column":48},"end":{"line":162,"column":1}},"line":149},"12":{"name":"(anonymous_12)","decl":{"start":{"line":165,"column":43},"end":{"line":165,"column":44}},"loc":{"start":{"line":165,"column":63},"end":{"line":187,"column":1}},"line":165}},"branchMap":{"0":{"loc":{"start":{"line":27,"column":25},"end":{"line":27,"column":43}},"type":"binary-expr","locations":[{"start":{"line":27,"column":25},"end":{"line":27,"column":37}},{"start":{"line":27,"column":41},"end":{"line":27,"column":43}}],"line":27},"1":{"loc":{"start":{"line":37,"column":4},"end":{"line":37,"column":54}},"type":"if","locations":[{"start":{"line":37,"column":4},"end":{"line":37,"column":54}},{"start":{},"end":{}}],"line":37},"2":{"loc":{"start":{"line":53,"column":21},"end":{"line":53,"column":48}},"type":"binary-expr","locations":[{"start":{"line":53,"column":21},"end":{"line":53,"column":42}},{"start":{"line":53,"column":46},"end":{"line":53,"column":48}}],"line":53},"3":{"loc":{"start":{"line":54,"column":22},"end":{"line":54,"column":76}},"type":"binary-expr","locations":[{"start":{"line":54,"column":22},"end":{"line":54,"column":39}},{"start":{"line":54,"column":43},"end":{"line":54,"column":76}}],"line":54},"4":{"loc":{"start":{"line":80,"column":19},"end":{"line":80,"column":48}},"type":"cond-expr","locations":[{"start":{"line":80,"column":30},"end":{"line":80,"column":41}},{"start":{"line":80,"column":44},"end":{"line":80,"column":48}}],"line":80},"5":{"loc":{"start":{"line":83,"column":4},"end":{"line":83,"column":90}},"type":"if","locations":[{"start":{"line":83,"column":4},"end":{"line":83,"column":90}},{"start":{},"end":{}}],"line":83},"6":{"loc":{"start":{"line":89,"column":4},"end":{"line":89,"column":89}},"type":"if","locations":[{"start":{"line":89,"column":4},"end":{"line":89,"column":89}},{"start":{},"end":{}}],"line":89},"7":{"loc":{"start":{"line":112,"column":4},"end":{"line":112,"column":55}},"type":"if","locations":[{"start":{"line":112,"column":4},"end":{"line":112,"column":55}},{"start":{},"end":{}}],"line":112},"8":{"loc":{"start":{"line":120,"column":26},"end":{"line":120,"column":79}},"type":"cond-expr","locations":[{"start":{"line":120,"column":62},"end":{"line":120,"column":69}},{"start":{"line":120,"column":72},"end":{"line":120,"column":79}}],"line":120},"9":{"loc":{"start":{"line":136,"column":4},"end":{"line":136,"column":87}},"type":"if","locations":[{"start":{"line":136,"column":4},"end":{"line":136,"column":87}},{"start":{},"end":{}}],"line":136},"10":{"loc":{"start":{"line":137,"column":4},"end":{"line":137,"column":94}},"type":"if","locations":[{"start":{"line":137,"column":4},"end":{"line":137,"column":94}},{"start":{},"end":{}}],"line":137},"11":{"loc":{"start":{"line":153,"column":4},"end":{"line":153,"column":87}},"type":"if","locations":[{"start":{"line":153,"column":4},"end":{"line":153,"column":87}},{"start":{},"end":{}}],"line":153},"12":{"loc":{"start":{"line":154,"column":4},"end":{"line":154,"column":94}},"type":"if","locations":[{"start":{"line":154,"column":4},"end":{"line":154,"column":94}},{"start":{},"end":{}}],"line":154},"13":{"loc":{"start":{"line":170,"column":4},"end":{"line":170,"column":87}},"type":"if","locations":[{"start":{"line":170,"column":4},"end":{"line":170,"column":87}},{"start":{},"end":{}}],"line":170},"14":{"loc":{"start":{"line":171,"column":4},"end":{"line":171,"column":94}},"type":"if","locations":[{"start":{"line":171,"column":4},"end":{"line":171,"column":94}},{"start":{},"end":{}}],"line":171},"15":{"loc":{"start":{"line":174,"column":4},"end":{"line":174,"column":89}},"type":"if","locations":[{"start":{"line":174,"column":4},"end":{"line":174,"column":89}},{"start":{},"end":{}}],"line":174},"16":{"loc":{"start":{"line":178,"column":4},"end":{"line":180,"column":5}},"type":"if","locations":[{"start":{"line":178,"column":4},"end":{"line":180,"column":5}},{"start":{},"end":{}}],"line":178}},"s":{"0":1,"1":1,"2":1,"3":1,"4":1,"5":1,"6":1,"7":1,"8":1,"9":1,"10":1,"11":0,"12":0,"13":1,"14":1,"15":1,"16":1,"17":1,"18":1,"19":1,"20":1,"21":1,"22":0,"23":1,"24":1,"25":1,"26":1,"27":1,"28":1,"29":1,"30":1,"31":1,"32":1,"33":1,"34":1,"35":1,"36":0,"37":0,"38":1,"39":2,"40":2,"41":2,"42":2,"43":2,"44":0,"45":2,"46":2,"47":2,"48":1,"49":1,"50":1,"51":1,"52":1,"53":0,"54":1,"55":0,"56":0,"57":0,"58":0,"59":0,"60":0,"61":0,"62":0,"63":0,"64":0,"65":0,"66":0,"67":0,"68":0,"69":0,"70":1,"71":2,"72":2,"73":2,"74":2,"75":2,"76":0,"77":2,"78":1,"79":1,"80":1,"81":0,"82":1,"83":1,"84":1,"85":1,"86":1,"87":0,"88":1,"89":0,"90":1,"91":1,"92":1,"93":1,"94":0,"95":1,"96":1,"97":1,"98":1,"99":1,"100":1,"101":0,"102":1,"103":1,"104":0,"105":0,"106":0,"107":0,"108":0,"109":0,"110":0,"111":0,"112":0,"113":1},"f":{"0":0,"1":0,"2":1,"3":1,"4":1,"5":1,"6":2,"7":0,"8":0,"9":0,"10":2,"11":1,"12":1},"b":{"0":[1,0],"1":[0,1],"2":[1,0],"3":[1,0],"4":[2,0],"5":[0,2],"6":[1,1],"7":[0,0],"8":[0,0],"9":[0,2],"10":[1,1],"11":[0,1],"12":[0,1],"13":[0,1],"14":[1,0],"15":[0,0],"16":[0,0]},"_coverageSchema":"1a1c01bbd47fc00a2c39e90264f33305004495a9","hash":"4e3f62979ebed7ef382875186cf3d4f9e86f8d02"}
}
