{"/home/nikola/Desktop/InstagramClone/microservices/interaction-service/app.js": {"path":"/home/nikola/Desktop/InstagramClone/microservices/interaction-service/app.js","statementMap":{"0":{"start":{"line":1,"column":16},"end":{"line":1,"column":34}},"1":{"start":{"line":2,"column":13},"end":{"line":2,"column":28}},"2":{"start":{"line":3,"column":0},"end":{"line":3,"column":27}},"3":{"start":{"line":5,"column":12},"end":{"line":5,"column":21}},"4":{"start":{"line":7,"column":0},"end":{"line":7,"column":16}},"5":{"start":{"line":8,"column":0},"end":{"line":8,"column":24}},"6":{"start":{"line":11,"column":0},"end":{"line":11,"column":59}},"7":{"start":{"line":14,"column":0},"end":{"line":14,"column":55}},"8":{"start":{"line":16,"column":0},"end":{"line":18,"column":3}},"9":{"start":{"line":17,"column":2},"end":{"line":17,"column":45}},"10":{"start":{"line":20,"column":0},"end":{"line":20,"column":21}}},"fnMap":{"0":{"name":"(anonymous_0)","decl":{"start":{"line":16,"column":13},"end":{"line":16,"column":14}},"loc":{"start":{"line":16,"column":27},"end":{"line":18,"column":1}},"line":16}},"branchMap":{},"s":{"0":1,"1":1,"2":1,"3":1,"4":1,"5":1,"6":1,"7":1,"8":1,"9":0,"10":1},"f":{"0":0},"b":{},"_coverageSchema":"1a1c01bbd47fc00a2c39e90264f33305004495a9","hash":"8cf0caa05ba52c0fcc205521e2c257ee31b3d0e5"}
,"/home/nikola/Desktop/InstagramClone/microservices/interaction-service/routes/interactions.js": {"path":"/home/nikola/Desktop/InstagramClone/microservices/interaction-service/routes/interactions.js","statementMap":{"0":{"start":{"line":1,"column":16},"end":{"line":1,"column":34}},"1":{"start":{"line":2,"column":15},"end":{"line":2,"column":31}},"2":{"start":{"line":3,"column":17},"end":{"line":3,"column":30}},"3":{"start":{"line":4,"column":13},"end":{"line":4,"column":42}},"4":{"start":{"line":5,"column":14},"end":{"line":5,"column":30}},"5":{"start":{"line":7,"column":13},"end":{"line":7,"column":69}},"6":{"start":{"line":10,"column":0},"end":{"line":33,"column":3}},"7":{"start":{"line":11,"column":2},"end":{"line":32,"column":3}},"8":{"start":{"line":12,"column":20},"end":{"line":12,"column":106}},"9":{"start":{"line":13,"column":20},"end":{"line":13,"column":40}},"10":{"start":{"line":15,"column":23},"end":{"line":15,"column":105}},"11":{"start":{"line":16,"column":23},"end":{"line":16,"column":44}},"12":{"start":{"line":18,"column":22},"end":{"line":21,"column":5}},"13":{"start":{"line":22,"column":25},"end":{"line":25,"column":5}},"14":{"start":{"line":26,"column":4},"end":{"line":29,"column":7}},"15":{"start":{"line":31,"column":4},"end":{"line":31,"column":34}},"16":{"start":{"line":36,"column":0},"end":{"line":83,"column":3}},"17":{"start":{"line":37,"column":24},"end":{"line":37,"column":32}},"18":{"start":{"line":38,"column":4},"end":{"line":82,"column":5}},"19":{"start":{"line":40,"column":24},"end":{"line":40,"column":108}},"20":{"start":{"line":41,"column":27},"end":{"line":41,"column":39}},"21":{"start":{"line":42,"column":25},"end":{"line":42,"column":84}},"22":{"start":{"line":42,"column":72},"end":{"line":42,"column":81}},"23":{"start":{"line":45,"column":25},"end":{"line":45,"column":125}},"24":{"start":{"line":46,"column":25},"end":{"line":46,"column":38}},"25":{"start":{"line":49,"column":25},"end":{"line":52,"column":9}},"26":{"start":{"line":53,"column":28},"end":{"line":56,"column":9}},"27":{"start":{"line":58,"column":23},"end":{"line":58,"column":25}},"28":{"start":{"line":59,"column":8},"end":{"line":59,"column":83}},"29":{"start":{"line":59,"column":32},"end":{"line":59,"column":79}},"30":{"start":{"line":62,"column":8},"end":{"line":68,"column":11}},"31":{"start":{"line":63,"column":28},"end":{"line":63,"column":58}},"32":{"start":{"line":64,"column":31},"end":{"line":64,"column":54}},"33":{"start":{"line":65,"column":12},"end":{"line":67,"column":13}},"34":{"start":{"line":66,"column":16},"end":{"line":66,"column":46}},"35":{"start":{"line":70,"column":8},"end":{"line":76,"column":11}},"36":{"start":{"line":71,"column":28},"end":{"line":71,"column":58}},"37":{"start":{"line":72,"column":31},"end":{"line":72,"column":54}},"38":{"start":{"line":73,"column":12},"end":{"line":75,"column":13}},"39":{"start":{"line":74,"column":16},"end":{"line":74,"column":49}},"40":{"start":{"line":78,"column":8},"end":{"line":78,"column":25}},"41":{"start":{"line":80,"column":8},"end":{"line":80,"column":57}},"42":{"start":{"line":81,"column":8},"end":{"line":81,"column":38}},"43":{"start":{"line":86,"column":0},"end":{"line":94,"column":3}},"44":{"start":{"line":87,"column":4},"end":{"line":93,"column":5}},"45":{"start":{"line":88,"column":8},"end":{"line":88,"column":86}},"46":{"start":{"line":89,"column":8},"end":{"line":89,"column":89}},"47":{"start":{"line":90,"column":8},"end":{"line":90,"column":42}},"48":{"start":{"line":92,"column":8},"end":{"line":92,"column":38}},"49":{"start":{"line":97,"column":0},"end":{"line":117,"column":3}},"50":{"start":{"line":98,"column":17},"end":{"line":98,"column":30}},"51":{"start":{"line":99,"column":17},"end":{"line":99,"column":28}},"52":{"start":{"line":100,"column":2},"end":{"line":116,"column":3}},"53":{"start":{"line":101,"column":20},"end":{"line":101,"column":95}},"54":{"start":{"line":102,"column":24},"end":{"line":102,"column":44}},"55":{"start":{"line":104,"column":22},"end":{"line":106,"column":6}},"56":{"start":{"line":107,"column":4},"end":{"line":107,"column":87}},"57":{"start":{"line":107,"column":33},"end":{"line":107,"column":87}},"58":{"start":{"line":109,"column":21},"end":{"line":109,"column":114}},"59":{"start":{"line":110,"column":4},"end":{"line":110,"column":88}},"60":{"start":{"line":110,"column":34},"end":{"line":110,"column":88}},"61":{"start":{"line":112,"column":4},"end":{"line":112,"column":95}},"62":{"start":{"line":113,"column":4},"end":{"line":113,"column":31}},"63":{"start":{"line":115,"column":4},"end":{"line":115,"column":41}},"64":{"start":{"line":120,"column":0},"end":{"line":129,"column":3}},"65":{"start":{"line":121,"column":17},"end":{"line":121,"column":30}},"66":{"start":{"line":122,"column":17},"end":{"line":122,"column":28}},"67":{"start":{"line":123,"column":2},"end":{"line":128,"column":3}},"68":{"start":{"line":124,"column":4},"end":{"line":124,"column":108}},"69":{"start":{"line":125,"column":4},"end":{"line":125,"column":33}},"70":{"start":{"line":127,"column":4},"end":{"line":127,"column":41}},"71":{"start":{"line":132,"column":0},"end":{"line":141,"column":3}},"72":{"start":{"line":133,"column":19},"end":{"line":133,"column":32}},"73":{"start":{"line":134,"column":19},"end":{"line":134,"column":30}},"74":{"start":{"line":135,"column":4},"end":{"line":140,"column":5}},"75":{"start":{"line":136,"column":23},"end":{"line":136,"column":116}},"76":{"start":{"line":137,"column":8},"end":{"line":137,"column":52}},"77":{"start":{"line":139,"column":8},"end":{"line":139,"column":45}},"78":{"start":{"line":144,"column":0},"end":{"line":170,"column":3}},"79":{"start":{"line":145,"column":4},"end":{"line":169,"column":5}},"80":{"start":{"line":146,"column":23},"end":{"line":146,"column":36}},"81":{"start":{"line":149,"column":24},"end":{"line":149,"column":99}},"82":{"start":{"line":150,"column":24},"end":{"line":150,"column":44}},"83":{"start":{"line":152,"column":27},"end":{"line":152,"column":109}},"84":{"start":{"line":153,"column":27},"end":{"line":153,"column":48}},"85":{"start":{"line":155,"column":25},"end":{"line":160,"column":9}},"86":{"start":{"line":161,"column":25},"end":{"line":164,"column":11}},"87":{"start":{"line":162,"column":28},"end":{"line":162,"column":110}},"88":{"start":{"line":163,"column":12},"end":{"line":163,"column":61}},"89":{"start":{"line":165,"column":8},"end":{"line":165,"column":27}},"90":{"start":{"line":167,"column":8},"end":{"line":167,"column":54}},"91":{"start":{"line":168,"column":8},"end":{"line":168,"column":45}},"92":{"start":{"line":173,"column":0},"end":{"line":194,"column":3}},"93":{"start":{"line":174,"column":17},"end":{"line":174,"column":30}},"94":{"start":{"line":175,"column":17},"end":{"line":175,"column":28}},"95":{"start":{"line":176,"column":22},"end":{"line":176,"column":30}},"96":{"start":{"line":177,"column":2},"end":{"line":193,"column":3}},"97":{"start":{"line":178,"column":20},"end":{"line":178,"column":95}},"98":{"start":{"line":179,"column":24},"end":{"line":179,"column":44}},"99":{"start":{"line":181,"column":22},"end":{"line":183,"column":6}},"100":{"start":{"line":184,"column":4},"end":{"line":184,"column":87}},"101":{"start":{"line":184,"column":33},"end":{"line":184,"column":87}},"102":{"start":{"line":186,"column":19},"end":{"line":189,"column":5}},"103":{"start":{"line":190,"column":4},"end":{"line":190,"column":29}},"104":{"start":{"line":192,"column":4},"end":{"line":192,"column":41}},"105":{"start":{"line":197,"column":0},"end":{"line":214,"column":3}},"106":{"start":{"line":198,"column":24},"end":{"line":198,"column":34}},"107":{"start":{"line":199,"column":17},"end":{"line":199,"column":28}},"108":{"start":{"line":200,"column":22},"end":{"line":200,"column":30}},"109":{"start":{"line":201,"column":2},"end":{"line":213,"column":3}},"110":{"start":{"line":202,"column":20},"end":{"line":202,"column":95}},"111":{"start":{"line":203,"column":4},"end":{"line":203,"column":93}},"112":{"start":{"line":203,"column":35},"end":{"line":203,"column":93}},"113":{"start":{"line":204,"column":4},"end":{"line":204,"column":97}},"114":{"start":{"line":204,"column":44},"end":{"line":204,"column":97}},"115":{"start":{"line":206,"column":19},"end":{"line":209,"column":5}},"116":{"start":{"line":210,"column":4},"end":{"line":210,"column":29}},"117":{"start":{"line":212,"column":4},"end":{"line":212,"column":41}},"118":{"start":{"line":217,"column":0},"end":{"line":237,"column":3}},"119":{"start":{"line":218,"column":32},"end":{"line":218,"column":42}},"120":{"start":{"line":219,"column":17},"end":{"line":219,"column":28}},"121":{"start":{"line":220,"column":2},"end":{"line":236,"column":3}},"122":{"start":{"line":221,"column":20},"end":{"line":221,"column":95}},"123":{"start":{"line":222,"column":4},"end":{"line":222,"column":93}},"124":{"start":{"line":222,"column":35},"end":{"line":222,"column":93}},"125":{"start":{"line":225,"column":20},"end":{"line":225,"column":95}},"126":{"start":{"line":226,"column":24},"end":{"line":226,"column":44}},"127":{"start":{"line":228,"column":4},"end":{"line":230,"column":5}},"128":{"start":{"line":229,"column":8},"end":{"line":229,"column":61}},"129":{"start":{"line":232,"column":4},"end":{"line":232,"column":72}},"130":{"start":{"line":233,"column":4},"end":{"line":233,"column":41}},"131":{"start":{"line":235,"column":4},"end":{"line":235,"column":41}},"132":{"start":{"line":239,"column":0},"end":{"line":239,"column":24}}},"fnMap":{"0":{"name":"(anonymous_0)","decl":{"start":{"line":10,"column":30},"end":{"line":10,"column":31}},"loc":{"start":{"line":10,"column":50},"end":{"line":33,"column":1}},"line":10},"1":{"name":"(anonymous_1)","decl":{"start":{"line":36,"column":28},"end":{"line":36,"column":29}},"loc":{"start":{"line":36,"column":48},"end":{"line":83,"column":1}},"line":36},"2":{"name":"(anonymous_2)","decl":{"start":{"line":42,"column":67},"end":{"line":42,"column":68}},"loc":{"start":{"line":42,"column":72},"end":{"line":42,"column":81}},"line":42},"3":{"name":"(anonymous_3)","decl":{"start":{"line":59,"column":24},"end":{"line":59,"column":25}},"loc":{"start":{"line":59,"column":30},"end":{"line":59,"column":81}},"line":59},"4":{"name":"(anonymous_4)","decl":{"start":{"line":62,"column":30},"end":{"line":62,"column":31}},"loc":{"start":{"line":62,"column":35},"end":{"line":68,"column":9}},"line":62},"5":{"name":"(anonymous_5)","decl":{"start":{"line":70,"column":33},"end":{"line":70,"column":34}},"loc":{"start":{"line":70,"column":38},"end":{"line":76,"column":9}},"line":70},"6":{"name":"(anonymous_6)","decl":{"start":{"line":86,"column":34},"end":{"line":86,"column":35}},"loc":{"start":{"line":86,"column":54},"end":{"line":94,"column":1}},"line":86},"7":{"name":"(anonymous_7)","decl":{"start":{"line":97,"column":37},"end":{"line":97,"column":38}},"loc":{"start":{"line":97,"column":57},"end":{"line":117,"column":1}},"line":97},"8":{"name":"(anonymous_8)","decl":{"start":{"line":120,"column":39},"end":{"line":120,"column":40}},"loc":{"start":{"line":120,"column":59},"end":{"line":129,"column":1}},"line":120},"9":{"name":"(anonymous_9)","decl":{"start":{"line":132,"column":36},"end":{"line":132,"column":37}},"loc":{"start":{"line":132,"column":56},"end":{"line":141,"column":1}},"line":132},"10":{"name":"(anonymous_10)","decl":{"start":{"line":144,"column":34},"end":{"line":144,"column":35}},"loc":{"start":{"line":144,"column":54},"end":{"line":170,"column":1}},"line":144},"11":{"name":"(anonymous_11)","decl":{"start":{"line":161,"column":61},"end":{"line":161,"column":62}},"loc":{"start":{"line":161,"column":74},"end":{"line":164,"column":9}},"line":161},"12":{"name":"(anonymous_12)","decl":{"start":{"line":173,"column":40},"end":{"line":173,"column":41}},"loc":{"start":{"line":173,"column":60},"end":{"line":194,"column":1}},"line":173},"13":{"name":"(anonymous_13)","decl":{"start":{"line":197,"column":55},"end":{"line":197,"column":56}},"loc":{"start":{"line":197,"column":75},"end":{"line":214,"column":1}},"line":197},"14":{"name":"(anonymous_14)","decl":{"start":{"line":217,"column":58},"end":{"line":217,"column":59}},"loc":{"start":{"line":217,"column":78},"end":{"line":237,"column":1}},"line":217}},"branchMap":{"0":{"loc":{"start":{"line":16,"column":23},"end":{"line":16,"column":44}},"type":"binary-expr","locations":[{"start":{"line":16,"column":23},"end":{"line":16,"column":38}},{"start":{"line":16,"column":42},"end":{"line":16,"column":44}}],"line":16},"1":{"loc":{"start":{"line":64,"column":31},"end":{"line":64,"column":54}},"type":"binary-expr","locations":[{"start":{"line":64,"column":31},"end":{"line":64,"column":48}},{"start":{"line":64,"column":52},"end":{"line":64,"column":54}}],"line":64},"2":{"loc":{"start":{"line":65,"column":12},"end":{"line":67,"column":13}},"type":"if","locations":[{"start":{"line":65,"column":12},"end":{"line":67,"column":13}},{"start":{},"end":{}}],"line":65},"3":{"loc":{"start":{"line":72,"column":31},"end":{"line":72,"column":54}},"type":"binary-expr","locations":[{"start":{"line":72,"column":31},"end":{"line":72,"column":48}},{"start":{"line":72,"column":52},"end":{"line":72,"column":54}}],"line":72},"4":{"loc":{"start":{"line":73,"column":12},"end":{"line":75,"column":13}},"type":"if","locations":[{"start":{"line":73,"column":12},"end":{"line":75,"column":13}},{"start":{},"end":{}}],"line":73},"5":{"loc":{"start":{"line":107,"column":4},"end":{"line":107,"column":87}},"type":"if","locations":[{"start":{"line":107,"column":4},"end":{"line":107,"column":87}},{"start":{},"end":{}}],"line":107},"6":{"loc":{"start":{"line":110,"column":4},"end":{"line":110,"column":88}},"type":"if","locations":[{"start":{"line":110,"column":4},"end":{"line":110,"column":88}},{"start":{},"end":{}}],"line":110},"7":{"loc":{"start":{"line":153,"column":27},"end":{"line":153,"column":48}},"type":"binary-expr","locations":[{"start":{"line":153,"column":27},"end":{"line":153,"column":42}},{"start":{"line":153,"column":46},"end":{"line":153,"column":48}}],"line":153},"8":{"loc":{"start":{"line":184,"column":4},"end":{"line":184,"column":87}},"type":"if","locations":[{"start":{"line":184,"column":4},"end":{"line":184,"column":87}},{"start":{},"end":{}}],"line":184},"9":{"loc":{"start":{"line":203,"column":4},"end":{"line":203,"column":93}},"type":"if","locations":[{"start":{"line":203,"column":4},"end":{"line":203,"column":93}},{"start":{},"end":{}}],"line":203},"10":{"loc":{"start":{"line":204,"column":4},"end":{"line":204,"column":97}},"type":"if","locations":[{"start":{"line":204,"column":4},"end":{"line":204,"column":97}},{"start":{},"end":{}}],"line":204},"11":{"loc":{"start":{"line":222,"column":4},"end":{"line":222,"column":93}},"type":"if","locations":[{"start":{"line":222,"column":4},"end":{"line":222,"column":93}},{"start":{},"end":{}}],"line":222},"12":{"loc":{"start":{"line":228,"column":4},"end":{"line":230,"column":5}},"type":"if","locations":[{"start":{"line":228,"column":4},"end":{"line":230,"column":5}},{"start":{},"end":{}}],"line":228},"13":{"loc":{"start":{"line":228,"column":8},"end":{"line":228,"column":68}},"type":"binary-expr","locations":[{"start":{"line":228,"column":8},"end":{"line":228,"column":42}},{"start":{"line":228,"column":46},"end":{"line":228,"column":68}}],"line":228}},"s":{"0":1,"1":1,"2":1,"3":1,"4":1,"5":1,"6":1,"7":1,"8":1,"9":1,"10":1,"11":1,"12":1,"13":1,"14":1,"15":0,"16":1,"17":1,"18":1,"19":1,"20":1,"21":1,"22":1,"23":1,"24":1,"25":1,"26":1,"27":1,"28":1,"29":1,"30":1,"31":1,"32":1,"33":1,"34":1,"35":1,"36":0,"37":0,"38":0,"39":0,"40":1,"41":0,"42":0,"43":1,"44":1,"45":1,"46":1,"47":1,"48":0,"49":1,"50":2,"51":2,"52":2,"53":2,"54":2,"55":2,"56":2,"57":1,"58":1,"59":1,"60":0,"61":1,"62":1,"63":0,"64":1,"65":1,"66":1,"67":1,"68":1,"69":1,"70":0,"71":1,"72":0,"73":0,"74":0,"75":0,"76":0,"77":0,"78":1,"79":1,"80":1,"81":1,"82":1,"83":1,"84":1,"85":1,"86":1,"87":1,"88":1,"89":1,"90":0,"91":0,"92":1,"93":0,"94":0,"95":0,"96":0,"97":0,"98":0,"99":0,"100":0,"101":0,"102":0,"103":0,"104":0,"105":1,"106":1,"107":1,"108":1,"109":1,"110":1,"111":1,"112":0,"113":1,"114":0,"115":1,"116":1,"117":0,"118":1,"119":1,"120":1,"121":1,"122":1,"123":1,"124":0,"125":1,"126":1,"127":1,"128":0,"129":1,"130":1,"131":0,"132":1},"f":{"0":1,"1":1,"2":1,"3":1,"4":1,"5":0,"6":1,"7":2,"8":1,"9":0,"10":1,"11":1,"12":0,"13":1,"14":1},"b":{"0":[1,0],"1":[1,0],"2":[1,0],"3":[0,0],"4":[0,0],"5":[1,1],"6":[0,1],"7":[1,0],"8":[0,0],"9":[0,1],"10":[0,1],"11":[0,1],"12":[0,1],"13":[1,0]},"_coverageSchema":"1a1c01bbd47fc00a2c39e90264f33305004495a9","hash":"f75111f66b6f85e81ce1406edd6ea7ac4b7a2f29"}
}
