TN:
SF:app.js
FN:16,(anonymous_0)
FNF:1
FNH:0
FNDA:0,(anonymous_0)
DA:1,1
DA:2,1
DA:3,1
DA:5,1
DA:7,1
DA:8,1
DA:11,1
DA:14,1
DA:16,1
DA:17,0
DA:20,1
LF:11
LH:10
BRF:0
BRH:0
end_of_record
TN:
SF:routes/interactions.js
FN:10,(anonymous_0)
FN:36,(anonymous_1)
FN:42,(anonymous_2)
FN:59,(anonymous_3)
FN:62,(anonymous_4)
FN:70,(anonymous_5)
FN:86,(anonymous_6)
FN:97,(anonymous_7)
FN:120,(anonymous_8)
FN:132,(anonymous_9)
FN:144,(anonymous_10)
FN:161,(anonymous_11)
FN:173,(anonymous_12)
FN:197,(anonymous_13)
FN:217,(anonymous_14)
FNF:15
FNH:12
FNDA:1,(anonymous_0)
FNDA:1,(anonymous_1)
FNDA:1,(anonymous_2)
FNDA:1,(anonymous_3)
FNDA:1,(anonymous_4)
FNDA:0,(anonymous_5)
FNDA:1,(anonymous_6)
FNDA:2,(anonymous_7)
FNDA:1,(anonymous_8)
FNDA:0,(anonymous_9)
FNDA:1,(anonymous_10)
FNDA:1,(anonymous_11)
FNDA:0,(anonymous_12)
FNDA:1,(anonymous_13)
FNDA:1,(anonymous_14)
DA:1,1
DA:2,1
DA:3,1
DA:4,1
DA:5,1
DA:7,1
DA:10,1
DA:11,1
DA:12,1
DA:13,1
DA:15,1
DA:16,1
DA:18,1
DA:22,1
DA:26,1
DA:31,0
DA:36,1
DA:37,1
DA:38,1
DA:40,1
DA:41,1
DA:42,1
DA:45,1
DA:46,1
DA:49,1
DA:53,1
DA:58,1
DA:59,1
DA:62,1
DA:63,1
DA:64,1
DA:65,1
DA:66,1
DA:70,1
DA:71,0
DA:72,0
DA:73,0
DA:74,0
DA:78,1
DA:80,0
DA:81,0
DA:86,1
DA:87,1
DA:88,1
DA:89,1
DA:90,1
DA:92,0
DA:97,1
DA:98,2
DA:99,2
DA:100,2
DA:101,2
DA:102,2
DA:104,2
DA:107,2
DA:109,1
DA:110,1
DA:112,1
DA:113,1
DA:115,0
DA:120,1
DA:121,1
DA:122,1
DA:123,1
DA:124,1
DA:125,1
DA:127,0
DA:132,1
DA:133,0
DA:134,0
DA:135,0
DA:136,0
DA:137,0
DA:139,0
DA:144,1
DA:145,1
DA:146,1
DA:149,1
DA:150,1
DA:152,1
DA:153,1
DA:155,1
DA:161,1
DA:162,1
DA:163,1
DA:165,1
DA:167,0
DA:168,0
DA:173,1
DA:174,0
DA:175,0
DA:176,0
DA:177,0
DA:178,0
DA:179,0
DA:181,0
DA:184,0
DA:186,0
DA:190,0
DA:192,0
DA:197,1
DA:198,1
DA:199,1
DA:200,1
DA:201,1
DA:202,1
DA:203,1
DA:204,1
DA:206,1
DA:210,1
DA:212,0
DA:217,1
DA:218,1
DA:219,1
DA:220,1
DA:221,1
DA:222,1
DA:225,1
DA:226,1
DA:228,1
DA:229,0
DA:232,1
DA:233,1
DA:235,0
DA:239,1
LF:125
LH:93
BRDA:16,0,0,1
BRDA:16,0,1,0
BRDA:64,1,0,1
BRDA:64,1,1,0
BRDA:65,2,0,1
BRDA:65,2,1,0
BRDA:72,3,0,0
BRDA:72,3,1,0
BRDA:73,4,0,0
BRDA:73,4,1,0
BRDA:107,5,0,1
BRDA:107,5,1,1
BRDA:110,6,0,0
BRDA:110,6,1,1
BRDA:153,7,0,1
BRDA:153,7,1,0
BRDA:184,8,0,0
BRDA:184,8,1,0
BRDA:203,9,0,0
BRDA:203,9,1,1
BRDA:204,10,0,0
BRDA:204,10,1,1
BRDA:222,11,0,0
BRDA:222,11,1,1
BRDA:228,12,0,0
BRDA:228,12,1,1
BRDA:228,13,0,1
BRDA:228,13,1,0
BRF:28
BRH:12
end_of_record
