{"/home/nikola/Desktop/InstagramClone/microservices/auth-service/app.js": {"path":"/home/nikola/Desktop/InstagramClone/microservices/auth-service/app.js","statementMap":{"0":{"start":{"line":1,"column":16},"end":{"line":1,"column":34}},"1":{"start":{"line":2,"column":13},"end":{"line":2,"column":28}},"2":{"start":{"line":3,"column":13},"end":{"line":3,"column":28}},"3":{"start":{"line":4,"column":11},"end":{"line":4,"column":24}},"4":{"start":{"line":5,"column":0},"end":{"line":5,"column":27}},"5":{"start":{"line":7,"column":12},"end":{"line":7,"column":21}},"6":{"start":{"line":9,"column":0},"end":{"line":9,"column":16}},"7":{"start":{"line":10,"column":0},"end":{"line":10,"column":24}},"8":{"start":{"line":12,"column":19},"end":{"line":12,"column":50}},"9":{"start":{"line":13,"column":0},"end":{"line":15,"column":1}},"10":{"start":{"line":14,"column":2},"end":{"line":14,"column":48}},"11":{"start":{"line":18,"column":0},"end":{"line":18,"column":46}},"12":{"start":{"line":19,"column":0},"end":{"line":19,"column":48}},"13":{"start":{"line":21,"column":0},"end":{"line":21,"column":43}},"14":{"start":{"line":22,"column":0},"end":{"line":22,"column":45}},"15":{"start":{"line":23,"column":0},"end":{"line":23,"column":51}},"16":{"start":{"line":25,"column":0},"end":{"line":27,"column":3}},"17":{"start":{"line":26,"column":2},"end":{"line":26,"column":45}},"18":{"start":{"line":29,"column":0},"end":{"line":29,"column":21}}},"fnMap":{"0":{"name":"(anonymous_0)","decl":{"start":{"line":25,"column":13},"end":{"line":25,"column":14}},"loc":{"start":{"line":25,"column":27},"end":{"line":27,"column":1}},"line":25}},"branchMap":{"0":{"loc":{"start":{"line":13,"column":0},"end":{"line":15,"column":1}},"type":"if","locations":[{"start":{"line":13,"column":0},"end":{"line":15,"column":1}},{"start":{},"end":{}}],"line":13}},"s":{"0":4,"1":4,"2":4,"3":4,"4":4,"5":4,"6":4,"7":4,"8":4,"9":4,"10":0,"11":4,"12":4,"13":4,"14":4,"15":4,"16":4,"17":0,"18":4},"f":{"0":0},"b":{"0":[0,4]},"_coverageSchema":"1a1c01bbd47fc00a2c39e90264f33305004495a9","hash":"c232078b44a70713f96656c07cb0b52c1bfa99e9"}
,"/home/nikola/Desktop/InstagramClone/microservices/auth-service/middleware/auth.js": {"path":"/home/nikola/Desktop/InstagramClone/microservices/auth-service/middleware/auth.js","statementMap":{"0":{"start":{"line":1,"column":12},"end":{"line":1,"column":35}},"1":{"start":{"line":3,"column":0},"end":{"line":14,"column":2}},"2":{"start":{"line":4,"column":16},"end":{"line":4,"column":42}},"3":{"start":{"line":5,"column":2},"end":{"line":5,"column":85}},"4":{"start":{"line":5,"column":14},"end":{"line":5,"column":85}},"5":{"start":{"line":7,"column":2},"end":{"line":13,"column":3}},"6":{"start":{"line":8,"column":20},"end":{"line":8,"column":73}},"7":{"start":{"line":9,"column":4},"end":{"line":9,"column":28}},"8":{"start":{"line":10,"column":4},"end":{"line":10,"column":11}},"9":{"start":{"line":12,"column":4},"end":{"line":12,"column":56}}},"fnMap":{"0":{"name":"(anonymous_0)","decl":{"start":{"line":3,"column":17},"end":{"line":3,"column":18}},"loc":{"start":{"line":3,"column":42},"end":{"line":14,"column":1}},"line":3}},"branchMap":{"0":{"loc":{"start":{"line":5,"column":2},"end":{"line":5,"column":85}},"type":"if","locations":[{"start":{"line":5,"column":2},"end":{"line":5,"column":85}},{"start":{},"end":{}}],"line":5},"1":{"loc":{"start":{"line":8,"column":38},"end":{"line":8,"column":72}},"type":"binary-expr","locations":[{"start":{"line":8,"column":38},"end":{"line":8,"column":60}},{"start":{"line":8,"column":64},"end":{"line":8,"column":72}}],"line":8}},"s":{"0":3,"1":3,"2":1,"3":1,"4":0,"5":1,"6":1,"7":1,"8":1,"9":0},"f":{"0":1},"b":{"0":[0,1],"1":[1,0]},"_coverageSchema":"1a1c01bbd47fc00a2c39e90264f33305004495a9","hash":"75451c9a1409133718f1645d6afba63c50842adf"}
,"/home/nikola/Desktop/InstagramClone/microservices/auth-service/middleware/optionalAuth.js": {"path":"/home/nikola/Desktop/InstagramClone/microservices/auth-service/middleware/optionalAuth.js","statementMap":{"0":{"start":{"line":1,"column":12},"end":{"line":1,"column":35}},"1":{"start":{"line":3,"column":0},"end":{"line":18,"column":2}},"2":{"start":{"line":4,"column":16},"end":{"line":4,"column":42}},"3":{"start":{"line":5,"column":2},"end":{"line":8,"column":3}},"4":{"start":{"line":6,"column":4},"end":{"line":6,"column":20}},"5":{"start":{"line":7,"column":4},"end":{"line":7,"column":18}},"6":{"start":{"line":10,"column":2},"end":{"line":17,"column":3}},"7":{"start":{"line":11,"column":20},"end":{"line":11,"column":73}},"8":{"start":{"line":12,"column":4},"end":{"line":12,"column":28}},"9":{"start":{"line":13,"column":4},"end":{"line":13,"column":11}},"10":{"start":{"line":15,"column":4},"end":{"line":15,"column":20}},"11":{"start":{"line":16,"column":4},"end":{"line":16,"column":11}}},"fnMap":{"0":{"name":"(anonymous_0)","decl":{"start":{"line":3,"column":17},"end":{"line":3,"column":18}},"loc":{"start":{"line":3,"column":42},"end":{"line":18,"column":1}},"line":3}},"branchMap":{"0":{"loc":{"start":{"line":5,"column":2},"end":{"line":8,"column":3}},"type":"if","locations":[{"start":{"line":5,"column":2},"end":{"line":8,"column":3}},{"start":{},"end":{}}],"line":5},"1":{"loc":{"start":{"line":11,"column":38},"end":{"line":11,"column":72}},"type":"binary-expr","locations":[{"start":{"line":11,"column":38},"end":{"line":11,"column":60}},{"start":{"line":11,"column":64},"end":{"line":11,"column":72}}],"line":11}},"s":{"0":4,"1":4,"2":3,"3":3,"4":1,"5":1,"6":2,"7":2,"8":1,"9":1,"10":1,"11":1},"f":{"0":3},"b":{"0":[1,2],"1":[2,0]},"_coverageSchema":"1a1c01bbd47fc00a2c39e90264f33305004495a9","hash":"3bc360b2d911ba743161d6d6e76229b7b5b2ab5a"}
,"/home/nikola/Desktop/InstagramClone/microservices/auth-service/routes/auth.js": {"path":"/home/nikola/Desktop/InstagramClone/microservices/auth-service/routes/auth.js","statementMap":{"0":{"start":{"line":1,"column":16},"end":{"line":1,"column":34}},"1":{"start":{"line":2,"column":15},"end":{"line":2,"column":31}},"2":{"start":{"line":3,"column":15},"end":{"line":3,"column":34}},"3":{"start":{"line":4,"column":12},"end":{"line":4,"column":35}},"4":{"start":{"line":5,"column":17},"end":{"line":5,"column":30}},"5":{"start":{"line":7,"column":13},"end":{"line":7,"column":69}},"6":{"start":{"line":9,"column":0},"end":{"line":32,"column":3}},"7":{"start":{"line":10,"column":50},"end":{"line":10,"column":58}},"8":{"start":{"line":11,"column":2},"end":{"line":31,"column":3}},"9":{"start":{"line":12,"column":23},"end":{"line":12,"column":115}},"10":{"start":{"line":13,"column":4},"end":{"line":13,"column":96}},"11":{"start":{"line":13,"column":36},"end":{"line":13,"column":96}},"12":{"start":{"line":15,"column":17},"end":{"line":15,"column":41}},"13":{"start":{"line":16,"column":27},"end":{"line":16,"column":60}},"14":{"start":{"line":18,"column":20},"end":{"line":21,"column":5}},"15":{"start":{"line":23,"column":20},"end":{"line":23,"column":92}},"16":{"start":{"line":24,"column":4},"end":{"line":27,"column":7}},"17":{"start":{"line":25,"column":6},"end":{"line":25,"column":25}},"18":{"start":{"line":25,"column":15},"end":{"line":25,"column":25}},"19":{"start":{"line":26,"column":6},"end":{"line":26,"column":56}},"20":{"start":{"line":29,"column":4},"end":{"line":29,"column":23}},"21":{"start":{"line":30,"column":4},"end":{"line":30,"column":41}},"22":{"start":{"line":34,"column":0},"end":{"line":52,"column":3}},"23":{"start":{"line":35,"column":40},"end":{"line":35,"column":48}},"24":{"start":{"line":36,"column":2},"end":{"line":51,"column":3}},"25":{"start":{"line":37,"column":17},"end":{"line":37,"column":109}},"26":{"start":{"line":38,"column":4},"end":{"line":38,"column":92}},"27":{"start":{"line":38,"column":32},"end":{"line":38,"column":92}},"28":{"start":{"line":40,"column":20},"end":{"line":40,"column":73}},"29":{"start":{"line":41,"column":4},"end":{"line":41,"column":78}},"30":{"start":{"line":41,"column":18},"end":{"line":41,"column":78}},"31":{"start":{"line":43,"column":20},"end":{"line":43,"column":86}},"32":{"start":{"line":44,"column":4},"end":{"line":47,"column":7}},"33":{"start":{"line":45,"column":6},"end":{"line":45,"column":25}},"34":{"start":{"line":45,"column":15},"end":{"line":45,"column":25}},"35":{"start":{"line":46,"column":6},"end":{"line":46,"column":56}},"36":{"start":{"line":49,"column":4},"end":{"line":49,"column":31}},"37":{"start":{"line":50,"column":4},"end":{"line":50,"column":41}},"38":{"start":{"line":54,"column":0},"end":{"line":54,"column":24}}},"fnMap":{"0":{"name":"(anonymous_0)","decl":{"start":{"line":9,"column":25},"end":{"line":9,"column":26}},"loc":{"start":{"line":9,"column":45},"end":{"line":32,"column":1}},"line":9},"1":{"name":"(anonymous_1)","decl":{"start":{"line":24,"column":79},"end":{"line":24,"column":80}},"loc":{"start":{"line":24,"column":95},"end":{"line":27,"column":5}},"line":24},"2":{"name":"(anonymous_2)","decl":{"start":{"line":34,"column":22},"end":{"line":34,"column":23}},"loc":{"start":{"line":34,"column":42},"end":{"line":52,"column":1}},"line":34},"3":{"name":"(anonymous_3)","decl":{"start":{"line":44,"column":79},"end":{"line":44,"column":80}},"loc":{"start":{"line":44,"column":95},"end":{"line":47,"column":5}},"line":44}},"branchMap":{"0":{"loc":{"start":{"line":13,"column":4},"end":{"line":13,"column":96}},"type":"if","locations":[{"start":{"line":13,"column":4},"end":{"line":13,"column":96}},{"start":{},"end":{}}],"line":13},"1":{"loc":{"start":{"line":24,"column":22},"end":{"line":24,"column":56}},"type":"binary-expr","locations":[{"start":{"line":24,"column":22},"end":{"line":24,"column":44}},{"start":{"line":24,"column":48},"end":{"line":24,"column":56}}],"line":24},"2":{"loc":{"start":{"line":25,"column":6},"end":{"line":25,"column":25}},"type":"if","locations":[{"start":{"line":25,"column":6},"end":{"line":25,"column":25}},{"start":{},"end":{}}],"line":25},"3":{"loc":{"start":{"line":38,"column":4},"end":{"line":38,"column":92}},"type":"if","locations":[{"start":{"line":38,"column":4},"end":{"line":38,"column":92}},{"start":{},"end":{}}],"line":38},"4":{"loc":{"start":{"line":41,"column":4},"end":{"line":41,"column":78}},"type":"if","locations":[{"start":{"line":41,"column":4},"end":{"line":41,"column":78}},{"start":{},"end":{}}],"line":41},"5":{"loc":{"start":{"line":44,"column":22},"end":{"line":44,"column":56}},"type":"binary-expr","locations":[{"start":{"line":44,"column":22},"end":{"line":44,"column":44}},{"start":{"line":44,"column":48},"end":{"line":44,"column":56}}],"line":44},"6":{"loc":{"start":{"line":45,"column":6},"end":{"line":45,"column":25}},"type":"if","locations":[{"start":{"line":45,"column":6},"end":{"line":45,"column":25}},{"start":{},"end":{}}],"line":45}},"s":{"0":4,"1":4,"2":4,"3":4,"4":4,"5":4,"6":4,"7":4,"8":4,"9":4,"10":4,"11":1,"12":3,"13":3,"14":3,"15":3,"16":3,"17":3,"18":0,"19":3,"20":0,"21":0,"22":4,"23":3,"24":3,"25":3,"26":3,"27":1,"28":2,"29":2,"30":0,"31":2,"32":2,"33":2,"34":0,"35":2,"36":0,"37":0,"38":4},"f":{"0":4,"1":3,"2":3,"3":2},"b":{"0":[1,3],"1":[3,0],"2":[0,3],"3":[1,2],"4":[0,2],"5":[2,0],"6":[0,2]},"_coverageSchema":"1a1c01bbd47fc00a2c39e90264f33305004495a9","hash":"2a3041908f2ac84cc739e7b741601452468056b8"}
,"/home/nikola/Desktop/InstagramClone/microservices/auth-service/routes/internal.js": {"path":"/home/nikola/Desktop/InstagramClone/microservices/auth-service/routes/internal.js","statementMap":{"0":{"start":{"line":1,"column":16},"end":{"line":1,"column":34}},"1":{"start":{"line":2,"column":15},"end":{"line":2,"column":31}},"2":{"start":{"line":3,"column":17},"end":{"line":3,"column":30}},"3":{"start":{"line":5,"column":13},"end":{"line":5,"column":69}},"4":{"start":{"line":8,"column":0},"end":{"line":30,"column":3}},"5":{"start":{"line":9,"column":33},"end":{"line":9,"column":42}},"6":{"start":{"line":10,"column":2},"end":{"line":29,"column":3}},"7":{"start":{"line":11,"column":17},"end":{"line":11,"column":91}},"8":{"start":{"line":12,"column":4},"end":{"line":12,"column":87}},"9":{"start":{"line":12,"column":32},"end":{"line":12,"column":87}},"10":{"start":{"line":14,"column":22},"end":{"line":17,"column":5}},"11":{"start":{"line":18,"column":4},"end":{"line":18,"column":88}},"12":{"start":{"line":18,"column":35},"end":{"line":18,"column":88}},"13":{"start":{"line":20,"column":4},"end":{"line":20,"column":93}},"14":{"start":{"line":20,"column":58},"end":{"line":20,"column":93}},"15":{"start":{"line":22,"column":24},"end":{"line":25,"column":5}},"16":{"start":{"line":26,"column":4},"end":{"line":26,"column":55}},"17":{"start":{"line":28,"column":4},"end":{"line":28,"column":41}},"18":{"start":{"line":33,"column":0},"end":{"line":43,"column":3}},"19":{"start":{"line":34,"column":2},"end":{"line":42,"column":3}},"20":{"start":{"line":35,"column":19},"end":{"line":38,"column":5}},"21":{"start":{"line":39,"column":4},"end":{"line":39,"column":50}},"22":{"start":{"line":39,"column":34},"end":{"line":39,"column":47}},"23":{"start":{"line":41,"column":4},"end":{"line":41,"column":41}},"24":{"start":{"line":46,"column":0},"end":{"line":53,"column":3}},"25":{"start":{"line":47,"column":2},"end":{"line":52,"column":3}},"26":{"start":{"line":48,"column":17},"end":{"line":48,"column":130}},"27":{"start":{"line":49,"column":4},"end":{"line":49,"column":33}},"28":{"start":{"line":51,"column":4},"end":{"line":51,"column":41}},"29":{"start":{"line":56,"column":0},"end":{"line":69,"column":3}},"30":{"start":{"line":57,"column":24},"end":{"line":57,"column":32}},"31":{"start":{"line":58,"column":4},"end":{"line":68,"column":5}},"32":{"start":{"line":59,"column":23},"end":{"line":62,"column":9}},"33":{"start":{"line":63,"column":24},"end":{"line":63,"column":26}},"34":{"start":{"line":64,"column":8},"end":{"line":64,"column":57}},"35":{"start":{"line":64,"column":35},"end":{"line":64,"column":53}},"36":{"start":{"line":65,"column":8},"end":{"line":65,"column":26}},"37":{"start":{"line":67,"column":8},"end":{"line":67,"column":45}},"38":{"start":{"line":72,"column":0},"end":{"line":82,"column":3}},"39":{"start":{"line":73,"column":4},"end":{"line":81,"column":5}},"40":{"start":{"line":74,"column":23},"end":{"line":77,"column":9}},"41":{"start":{"line":78,"column":8},"end":{"line":78,"column":45}},"42":{"start":{"line":78,"column":38},"end":{"line":78,"column":42}},"43":{"start":{"line":80,"column":8},"end":{"line":80,"column":45}},"44":{"start":{"line":85,"column":0},"end":{"line":101,"column":3}},"45":{"start":{"line":86,"column":24},"end":{"line":86,"column":32}},"46":{"start":{"line":87,"column":4},"end":{"line":100,"column":5}},"47":{"start":{"line":88,"column":23},"end":{"line":93,"column":9}},"48":{"start":{"line":94,"column":25},"end":{"line":94,"column":27}},"49":{"start":{"line":95,"column":8},"end":{"line":95,"column":54}},"50":{"start":{"line":95,"column":32},"end":{"line":95,"column":50}},"51":{"start":{"line":96,"column":8},"end":{"line":96,"column":81}},"52":{"start":{"line":96,"column":35},"end":{"line":96,"column":77}},"53":{"start":{"line":97,"column":8},"end":{"line":97,"column":27}},"54":{"start":{"line":99,"column":8},"end":{"line":99,"column":45}},"55":{"start":{"line":103,"column":0},"end":{"line":103,"column":24}}},"fnMap":{"0":{"name":"(anonymous_0)","decl":{"start":{"line":8,"column":28},"end":{"line":8,"column":29}},"loc":{"start":{"line":8,"column":48},"end":{"line":30,"column":1}},"line":8},"1":{"name":"(anonymous_1)","decl":{"start":{"line":33,"column":37},"end":{"line":33,"column":38}},"loc":{"start":{"line":33,"column":57},"end":{"line":43,"column":1}},"line":33},"2":{"name":"(anonymous_2)","decl":{"start":{"line":39,"column":29},"end":{"line":39,"column":30}},"loc":{"start":{"line":39,"column":34},"end":{"line":39,"column":47}},"line":39},"3":{"name":"(anonymous_3)","decl":{"start":{"line":46,"column":29},"end":{"line":46,"column":30}},"loc":{"start":{"line":46,"column":49},"end":{"line":53,"column":1}},"line":46},"4":{"name":"(anonymous_4)","decl":{"start":{"line":56,"column":27},"end":{"line":56,"column":28}},"loc":{"start":{"line":56,"column":47},"end":{"line":69,"column":1}},"line":56},"5":{"name":"(anonymous_5)","decl":{"start":{"line":64,"column":28},"end":{"line":64,"column":29}},"loc":{"start":{"line":64,"column":33},"end":{"line":64,"column":55}},"line":64},"6":{"name":"(anonymous_6)","decl":{"start":{"line":72,"column":35},"end":{"line":72,"column":36}},"loc":{"start":{"line":72,"column":55},"end":{"line":82,"column":1}},"line":72},"7":{"name":"(anonymous_7)","decl":{"start":{"line":78,"column":33},"end":{"line":78,"column":34}},"loc":{"start":{"line":78,"column":38},"end":{"line":78,"column":42}},"line":78},"8":{"name":"(anonymous_8)","decl":{"start":{"line":85,"column":33},"end":{"line":85,"column":34}},"loc":{"start":{"line":85,"column":53},"end":{"line":101,"column":1}},"line":85},"9":{"name":"(anonymous_9)","decl":{"start":{"line":95,"column":24},"end":{"line":95,"column":25}},"loc":{"start":{"line":95,"column":30},"end":{"line":95,"column":52}},"line":95},"10":{"name":"(anonymous_10)","decl":{"start":{"line":96,"column":28},"end":{"line":96,"column":29}},"loc":{"start":{"line":96,"column":33},"end":{"line":96,"column":79}},"line":96}},"branchMap":{"0":{"loc":{"start":{"line":12,"column":4},"end":{"line":12,"column":87}},"type":"if","locations":[{"start":{"line":12,"column":4},"end":{"line":12,"column":87}},{"start":{},"end":{}}],"line":12},"1":{"loc":{"start":{"line":18,"column":4},"end":{"line":18,"column":88}},"type":"if","locations":[{"start":{"line":18,"column":4},"end":{"line":18,"column":88}},{"start":{},"end":{}}],"line":18},"2":{"loc":{"start":{"line":20,"column":4},"end":{"line":20,"column":93}},"type":"if","locations":[{"start":{"line":20,"column":4},"end":{"line":20,"column":93}},{"start":{},"end":{}}],"line":20},"3":{"loc":{"start":{"line":20,"column":8},"end":{"line":20,"column":56}},"type":"binary-expr","locations":[{"start":{"line":20,"column":8},"end":{"line":20,"column":32}},{"start":{"line":20,"column":36},"end":{"line":20,"column":56}}],"line":20},"4":{"loc":{"start":{"line":49,"column":13},"end":{"line":49,"column":31}},"type":"binary-expr","locations":[{"start":{"line":49,"column":13},"end":{"line":49,"column":25}},{"start":{"line":49,"column":29},"end":{"line":49,"column":31}}],"line":49}},"s":{"0":4,"1":4,"2":4,"3":4,"4":4,"5":2,"6":2,"7":2,"8":2,"9":0,"10":2,"11":2,"12":0,"13":2,"14":1,"15":1,"16":1,"17":0,"18":4,"19":1,"20":1,"21":1,"22":2,"23":0,"24":4,"25":1,"26":1,"27":1,"28":0,"29":4,"30":1,"31":1,"32":1,"33":1,"34":1,"35":2,"36":1,"37":0,"38":4,"39":1,"40":1,"41":1,"42":2,"43":0,"44":4,"45":0,"46":0,"47":0,"48":0,"49":0,"50":0,"51":0,"52":0,"53":0,"54":0,"55":4},"f":{"0":2,"1":1,"2":2,"3":1,"4":1,"5":2,"6":1,"7":2,"8":0,"9":0,"10":0},"b":{"0":[0,2],"1":[0,2],"2":[1,1],"3":[2,1],"4":[1,0]},"_coverageSchema":"1a1c01bbd47fc00a2c39e90264f33305004495a9","hash":"57fba7f557183573ffce8428cc2d6db83feceb65"}
,"/home/nikola/Desktop/InstagramClone/microservices/auth-service/routes/users.js": {"path":"/home/nikola/Desktop/InstagramClone/microservices/auth-service/routes/users.js","statementMap":{"0":{"start":{"line":1,"column":16},"end":{"line":1,"column":34}},"1":{"start":{"line":2,"column":15},"end":{"line":2,"column":31}},"2":{"start":{"line":3,"column":17},"end":{"line":3,"column":30}},"3":{"start":{"line":4,"column":13},"end":{"line":4,"column":42}},"4":{"start":{"line":5,"column":21},"end":{"line":5,"column":58}},"5":{"start":{"line":6,"column":15},"end":{"line":6,"column":32}},"6":{"start":{"line":7,"column":13},"end":{"line":7,"column":28}},"7":{"start":{"line":8,"column":11},"end":{"line":8,"column":24}},"8":{"start":{"line":9,"column":14},"end":{"line":9,"column":30}},"9":{"start":{"line":11,"column":13},"end":{"line":11,"column":69}},"10":{"start":{"line":14,"column":16},"end":{"line":17,"column":2}},"11":{"start":{"line":15,"column":34},"end":{"line":15,"column":54}},"12":{"start":{"line":16,"column":31},"end":{"line":16,"column":98}},"13":{"start":{"line":18,"column":15},"end":{"line":18,"column":34}},"14":{"start":{"line":21,"column":0},"end":{"line":36,"column":3}},"15":{"start":{"line":22,"column":20},"end":{"line":22,"column":29}},"16":{"start":{"line":23,"column":17},"end":{"line":23,"column":28}},"17":{"start":{"line":24,"column":2},"end":{"line":35,"column":3}},"18":{"start":{"line":25,"column":18},"end":{"line":31,"column":5}},"19":{"start":{"line":32,"column":4},"end":{"line":32,"column":25}},"20":{"start":{"line":34,"column":4},"end":{"line":34,"column":41}},"21":{"start":{"line":39,"column":0},"end":{"line":84,"column":3}},"22":{"start":{"line":40,"column":23},"end":{"line":40,"column":33}},"23":{"start":{"line":41,"column":19},"end":{"line":41,"column":48}},"24":{"start":{"line":42,"column":2},"end":{"line":83,"column":3}},"25":{"start":{"line":43,"column":23},"end":{"line":43,"column":154}},"26":{"start":{"line":44,"column":4},"end":{"line":44,"column":93}},"27":{"start":{"line":44,"column":38},"end":{"line":44,"column":93}},"28":{"start":{"line":45,"column":23},"end":{"line":45,"column":41}},"29":{"start":{"line":48,"column":4},"end":{"line":51,"column":5}},"30":{"start":{"line":49,"column":24},"end":{"line":49,"column":176}},"31":{"start":{"line":50,"column":6},"end":{"line":50,"column":92}},"32":{"start":{"line":50,"column":37},"end":{"line":50,"column":92}},"33":{"start":{"line":53,"column":28},"end":{"line":53,"column":146}},"34":{"start":{"line":54,"column":28},"end":{"line":54,"column":146}},"35":{"start":{"line":57,"column":23},"end":{"line":57,"column":45}},"36":{"start":{"line":58,"column":4},"end":{"line":62,"column":5}},"37":{"start":{"line":59,"column":24},"end":{"line":59,"column":50}},"38":{"start":{"line":60,"column":31},"end":{"line":60,"column":173}},"39":{"start":{"line":61,"column":8},"end":{"line":61,"column":75}},"40":{"start":{"line":61,"column":55},"end":{"line":61,"column":75}},"41":{"start":{"line":64,"column":16},"end":{"line":64,"column":18}},"42":{"start":{"line":65,"column":4},"end":{"line":72,"column":5}},"43":{"start":{"line":66,"column":8},"end":{"line":71,"column":9}},"44":{"start":{"line":67,"column":29},"end":{"line":67,"column":116}},"45":{"start":{"line":68,"column":12},"end":{"line":68,"column":34}},"46":{"start":{"line":70,"column":12},"end":{"line":70,"column":80}},"47":{"start":{"line":74,"column":4},"end":{"line":79,"column":7}},"48":{"start":{"line":81,"column":4},"end":{"line":81,"column":23}},"49":{"start":{"line":82,"column":4},"end":{"line":82,"column":41}},"50":{"start":{"line":87,"column":0},"end":{"line":128,"column":3}},"51":{"start":{"line":88,"column":29},"end":{"line":88,"column":37}},"52":{"start":{"line":89,"column":21},"end":{"line":89,"column":51}},"53":{"start":{"line":90,"column":17},"end":{"line":90,"column":40}},"54":{"start":{"line":91,"column":26},"end":{"line":91,"column":34}},"55":{"start":{"line":93,"column":2},"end":{"line":93,"column":80}},"56":{"start":{"line":93,"column":30},"end":{"line":93,"column":80}},"57":{"start":{"line":95,"column":17},"end":{"line":95,"column":37}},"58":{"start":{"line":96,"column":2},"end":{"line":127,"column":3}},"59":{"start":{"line":97,"column":4},"end":{"line":97,"column":32}},"60":{"start":{"line":98,"column":20},"end":{"line":98,"column":115}},"61":{"start":{"line":99,"column":24},"end":{"line":99,"column":50}},"62":{"start":{"line":101,"column":16},"end":{"line":101,"column":76}},"63":{"start":{"line":102,"column":17},"end":{"line":102,"column":45}},"64":{"start":{"line":104,"column":4},"end":{"line":111,"column":5}},"65":{"start":{"line":105,"column":18},"end":{"line":105,"column":56}},"66":{"start":{"line":106,"column":6},"end":{"line":106,"column":70}},"67":{"start":{"line":107,"column":6},"end":{"line":107,"column":31}},"68":{"start":{"line":109,"column":6},"end":{"line":109,"column":44}},"69":{"start":{"line":110,"column":6},"end":{"line":110,"column":26}},"70":{"start":{"line":113,"column":19},"end":{"line":113,"column":52}},"71":{"start":{"line":116,"column":4},"end":{"line":118,"column":5}},"72":{"start":{"line":117,"column":6},"end":{"line":117,"column":125}},"73":{"start":{"line":120,"column":4},"end":{"line":120,"column":33}},"74":{"start":{"line":121,"column":4},"end":{"line":121,"column":29}},"75":{"start":{"line":123,"column":4},"end":{"line":123,"column":35}},"76":{"start":{"line":124,"column":4},"end":{"line":124,"column":41}},"77":{"start":{"line":126,"column":4},"end":{"line":126,"column":21}},"78":{"start":{"line":131,"column":0},"end":{"line":152,"column":3}},"79":{"start":{"line":132,"column":21},"end":{"line":132,"column":32}},"80":{"start":{"line":133,"column":21},"end":{"line":133,"column":44}},"81":{"start":{"line":134,"column":2},"end":{"line":134,"column":100}},"82":{"start":{"line":134,"column":33},"end":{"line":134,"column":100}},"83":{"start":{"line":136,"column":2},"end":{"line":151,"column":3}},"84":{"start":{"line":137,"column":23},"end":{"line":137,"column":174}},"85":{"start":{"line":138,"column":4},"end":{"line":138,"column":109}},"86":{"start":{"line":138,"column":36},"end":{"line":138,"column":109}},"87":{"start":{"line":140,"column":21},"end":{"line":140,"column":101}},"88":{"start":{"line":141,"column":4},"end":{"line":141,"column":91}},"89":{"start":{"line":141,"column":36},"end":{"line":141,"column":91}},"90":{"start":{"line":143,"column":27},"end":{"line":143,"column":140}},"91":{"start":{"line":144,"column":4},"end":{"line":144,"column":109}},"92":{"start":{"line":144,"column":40},"end":{"line":144,"column":109}},"93":{"start":{"line":146,"column":19},"end":{"line":146,"column":71}},"94":{"start":{"line":147,"column":4},"end":{"line":147,"column":135}},"95":{"start":{"line":148,"column":4},"end":{"line":148,"column":50}},"96":{"start":{"line":150,"column":4},"end":{"line":150,"column":41}},"97":{"start":{"line":155,"column":0},"end":{"line":165,"column":3}},"98":{"start":{"line":156,"column":21},"end":{"line":156,"column":32}},"99":{"start":{"line":157,"column":21},"end":{"line":157,"column":44}},"100":{"start":{"line":158,"column":2},"end":{"line":164,"column":3}},"101":{"start":{"line":159,"column":19},"end":{"line":159,"column":142}},"102":{"start":{"line":160,"column":4},"end":{"line":160,"column":88}},"103":{"start":{"line":160,"column":34},"end":{"line":160,"column":88}},"104":{"start":{"line":161,"column":4},"end":{"line":161,"column":41}},"105":{"start":{"line":163,"column":4},"end":{"line":163,"column":41}},"106":{"start":{"line":168,"column":0},"end":{"line":177,"column":3}},"107":{"start":{"line":169,"column":2},"end":{"line":169,"column":104}},"108":{"start":{"line":169,"column":51},"end":{"line":169,"column":104}},"109":{"start":{"line":170,"column":2},"end":{"line":176,"column":3}},"110":{"start":{"line":171,"column":19},"end":{"line":171,"column":202}},"111":{"start":{"line":172,"column":4},"end":{"line":172,"column":92}},"112":{"start":{"line":172,"column":34},"end":{"line":172,"column":92}},"113":{"start":{"line":173,"column":4},"end":{"line":173,"column":49}},"114":{"start":{"line":175,"column":4},"end":{"line":175,"column":41}},"115":{"start":{"line":180,"column":0},"end":{"line":189,"column":3}},"116":{"start":{"line":181,"column":2},"end":{"line":181,"column":104}},"117":{"start":{"line":181,"column":51},"end":{"line":181,"column":104}},"118":{"start":{"line":182,"column":2},"end":{"line":188,"column":3}},"119":{"start":{"line":183,"column":19},"end":{"line":183,"column":183}},"120":{"start":{"line":184,"column":4},"end":{"line":184,"column":92}},"121":{"start":{"line":184,"column":34},"end":{"line":184,"column":92}},"122":{"start":{"line":185,"column":4},"end":{"line":185,"column":49}},"123":{"start":{"line":187,"column":4},"end":{"line":187,"column":41}},"124":{"start":{"line":192,"column":0},"end":{"line":208,"column":3}},"125":{"start":{"line":193,"column":20},"end":{"line":193,"column":31}},"126":{"start":{"line":194,"column":20},"end":{"line":194,"column":43}},"127":{"start":{"line":195,"column":2},"end":{"line":195,"column":89}},"128":{"start":{"line":195,"column":31},"end":{"line":195,"column":89}},"129":{"start":{"line":196,"column":2},"end":{"line":207,"column":3}},"130":{"start":{"line":197,"column":4},"end":{"line":197,"column":30}},"131":{"start":{"line":198,"column":17},"end":{"line":198,"column":84}},"132":{"start":{"line":199,"column":4},"end":{"line":199,"column":66}},"133":{"start":{"line":199,"column":32},"end":{"line":199,"column":66}},"134":{"start":{"line":200,"column":4},"end":{"line":200,"column":108}},"135":{"start":{"line":201,"column":4},"end":{"line":201,"column":159}},"136":{"start":{"line":202,"column":4},"end":{"line":202,"column":31}},"137":{"start":{"line":203,"column":4},"end":{"line":203,"column":38}},"138":{"start":{"line":205,"column":4},"end":{"line":205,"column":33}},"139":{"start":{"line":206,"column":4},"end":{"line":206,"column":41}},"140":{"start":{"line":211,"column":0},"end":{"line":219,"column":3}},"141":{"start":{"line":212,"column":2},"end":{"line":218,"column":3}},"142":{"start":{"line":213,"column":19},"end":{"line":213,"column":141}},"143":{"start":{"line":214,"column":4},"end":{"line":214,"column":86}},"144":{"start":{"line":214,"column":34},"end":{"line":214,"column":86}},"145":{"start":{"line":215,"column":4},"end":{"line":215,"column":40}},"146":{"start":{"line":217,"column":4},"end":{"line":217,"column":41}},"147":{"start":{"line":222,"column":0},"end":{"line":235,"column":3}},"148":{"start":{"line":223,"column":2},"end":{"line":223,"column":104}},"149":{"start":{"line":223,"column":51},"end":{"line":223,"column":104}},"150":{"start":{"line":224,"column":2},"end":{"line":234,"column":3}},"151":{"start":{"line":225,"column":21},"end":{"line":230,"column":5}},"152":{"start":{"line":231,"column":4},"end":{"line":231,"column":28}},"153":{"start":{"line":233,"column":4},"end":{"line":233,"column":41}},"154":{"start":{"line":238,"column":0},"end":{"line":250,"column":3}},"155":{"start":{"line":239,"column":2},"end":{"line":249,"column":3}},"156":{"start":{"line":240,"column":22},"end":{"line":245,"column":5}},"157":{"start":{"line":246,"column":4},"end":{"line":246,"column":29}},"158":{"start":{"line":248,"column":4},"end":{"line":248,"column":41}},"159":{"start":{"line":253,"column":0},"end":{"line":265,"column":3}},"160":{"start":{"line":254,"column":2},"end":{"line":264,"column":3}},"161":{"start":{"line":255,"column":22},"end":{"line":260,"column":5}},"162":{"start":{"line":261,"column":4},"end":{"line":261,"column":29}},"163":{"start":{"line":263,"column":4},"end":{"line":263,"column":41}},"164":{"start":{"line":268,"column":0},"end":{"line":301,"column":3}},"165":{"start":{"line":269,"column":37},"end":{"line":269,"column":47}},"166":{"start":{"line":270,"column":21},"end":{"line":270,"column":32}},"167":{"start":{"line":273,"column":2},"end":{"line":275,"column":3}},"168":{"start":{"line":274,"column":4},"end":{"line":274,"column":107}},"169":{"start":{"line":277,"column":2},"end":{"line":300,"column":3}},"170":{"start":{"line":279,"column":22},"end":{"line":282,"column":5}},"171":{"start":{"line":283,"column":4},"end":{"line":285,"column":5}},"172":{"start":{"line":284,"column":6},"end":{"line":284,"column":102}},"173":{"start":{"line":287,"column":25},"end":{"line":290,"column":5}},"174":{"start":{"line":292,"column":4},"end":{"line":296,"column":5}},"175":{"start":{"line":293,"column":6},"end":{"line":293,"column":56}},"176":{"start":{"line":295,"column":6},"end":{"line":295,"column":35}},"177":{"start":{"line":298,"column":4},"end":{"line":298,"column":31}},"178":{"start":{"line":299,"column":4},"end":{"line":299,"column":41}},"179":{"start":{"line":304,"column":0},"end":{"line":328,"column":3}},"180":{"start":{"line":305,"column":35},"end":{"line":305,"column":45}},"181":{"start":{"line":306,"column":21},"end":{"line":306,"column":32}},"182":{"start":{"line":309,"column":2},"end":{"line":311,"column":3}},"183":{"start":{"line":310,"column":4},"end":{"line":310,"column":109}},"184":{"start":{"line":313,"column":2},"end":{"line":327,"column":3}},"185":{"start":{"line":314,"column":24},"end":{"line":317,"column":5}},"186":{"start":{"line":319,"column":4},"end":{"line":323,"column":5}},"187":{"start":{"line":320,"column":6},"end":{"line":320,"column":36}},"188":{"start":{"line":322,"column":6},"end":{"line":322,"column":37}},"189":{"start":{"line":325,"column":4},"end":{"line":325,"column":31}},"190":{"start":{"line":326,"column":4},"end":{"line":326,"column":41}},"191":{"start":{"line":331,"column":0},"end":{"line":344,"column":3}},"192":{"start":{"line":332,"column":2},"end":{"line":332,"column":104}},"193":{"start":{"line":332,"column":51},"end":{"line":332,"column":104}},"194":{"start":{"line":333,"column":2},"end":{"line":343,"column":3}},"195":{"start":{"line":334,"column":20},"end":{"line":339,"column":5}},"196":{"start":{"line":340,"column":4},"end":{"line":340,"column":27}},"197":{"start":{"line":342,"column":4},"end":{"line":342,"column":41}},"198":{"start":{"line":347,"column":0},"end":{"line":356,"column":3}},"199":{"start":{"line":348,"column":2},"end":{"line":348,"column":104}},"200":{"start":{"line":348,"column":51},"end":{"line":348,"column":104}},"201":{"start":{"line":349,"column":2},"end":{"line":355,"column":3}},"202":{"start":{"line":350,"column":19},"end":{"line":350,"column":184}},"203":{"start":{"line":351,"column":4},"end":{"line":351,"column":93}},"204":{"start":{"line":351,"column":34},"end":{"line":351,"column":93}},"205":{"start":{"line":352,"column":4},"end":{"line":352,"column":42}},"206":{"start":{"line":354,"column":4},"end":{"line":354,"column":41}},"207":{"start":{"line":358,"column":0},"end":{"line":358,"column":24}}},"fnMap":{"0":{"name":"(anonymous_0)","decl":{"start":{"line":15,"column":15},"end":{"line":15,"column":16}},"loc":{"start":{"line":15,"column":34},"end":{"line":15,"column":54}},"line":15},"1":{"name":"(anonymous_1)","decl":{"start":{"line":16,"column":12},"end":{"line":16,"column":13}},"loc":{"start":{"line":16,"column":31},"end":{"line":16,"column":98}},"line":16},"2":{"name":"(anonymous_2)","decl":{"start":{"line":21,"column":28},"end":{"line":21,"column":29}},"loc":{"start":{"line":21,"column":48},"end":{"line":36,"column":1}},"line":21},"3":{"name":"(anonymous_3)","decl":{"start":{"line":39,"column":39},"end":{"line":39,"column":40}},"loc":{"start":{"line":39,"column":59},"end":{"line":84,"column":1}},"line":39},"4":{"name":"(anonymous_4)","decl":{"start":{"line":87,"column":59},"end":{"line":87,"column":60}},"loc":{"start":{"line":87,"column":79},"end":{"line":128,"column":1}},"line":87},"5":{"name":"(anonymous_5)","decl":{"start":{"line":131,"column":33},"end":{"line":131,"column":34}},"loc":{"start":{"line":131,"column":53},"end":{"line":152,"column":1}},"line":131},"6":{"name":"(anonymous_6)","decl":{"start":{"line":155,"column":35},"end":{"line":155,"column":36}},"loc":{"start":{"line":155,"column":55},"end":{"line":165,"column":1}},"line":155},"7":{"name":"(anonymous_7)","decl":{"start":{"line":168,"column":58},"end":{"line":168,"column":59}},"loc":{"start":{"line":168,"column":78},"end":{"line":177,"column":1}},"line":168},"8":{"name":"(anonymous_8)","decl":{"start":{"line":180,"column":58},"end":{"line":180,"column":59}},"loc":{"start":{"line":180,"column":78},"end":{"line":189,"column":1}},"line":180},"9":{"name":"(anonymous_9)","decl":{"start":{"line":192,"column":32},"end":{"line":192,"column":33}},"loc":{"start":{"line":192,"column":52},"end":{"line":208,"column":1}},"line":192},"10":{"name":"(anonymous_10)","decl":{"start":{"line":211,"column":36},"end":{"line":211,"column":37}},"loc":{"start":{"line":211,"column":56},"end":{"line":219,"column":1}},"line":211},"11":{"name":"(anonymous_11)","decl":{"start":{"line":222,"column":45},"end":{"line":222,"column":46}},"loc":{"start":{"line":222,"column":65},"end":{"line":235,"column":1}},"line":222},"12":{"name":"(anonymous_12)","decl":{"start":{"line":238,"column":39},"end":{"line":238,"column":40}},"loc":{"start":{"line":238,"column":59},"end":{"line":250,"column":1}},"line":238},"13":{"name":"(anonymous_13)","decl":{"start":{"line":253,"column":39},"end":{"line":253,"column":40}},"loc":{"start":{"line":253,"column":59},"end":{"line":265,"column":1}},"line":253},"14":{"name":"(anonymous_14)","decl":{"start":{"line":268,"column":62},"end":{"line":268,"column":63}},"loc":{"start":{"line":268,"column":82},"end":{"line":301,"column":1}},"line":268},"15":{"name":"(anonymous_15)","decl":{"start":{"line":304,"column":57},"end":{"line":304,"column":58}},"loc":{"start":{"line":304,"column":77},"end":{"line":328,"column":1}},"line":304},"16":{"name":"(anonymous_16)","decl":{"start":{"line":331,"column":37},"end":{"line":331,"column":38}},"loc":{"start":{"line":331,"column":57},"end":{"line":344,"column":1}},"line":331},"17":{"name":"(anonymous_17)","decl":{"start":{"line":347,"column":54},"end":{"line":347,"column":55}},"loc":{"start":{"line":347,"column":74},"end":{"line":356,"column":1}},"line":347}},"branchMap":{"0":{"loc":{"start":{"line":41,"column":19},"end":{"line":41,"column":48}},"type":"cond-expr","locations":[{"start":{"line":41,"column":30},"end":{"line":41,"column":41}},{"start":{"line":41,"column":44},"end":{"line":41,"column":48}}],"line":41},"1":{"loc":{"start":{"line":44,"column":4},"end":{"line":44,"column":93}},"type":"if","locations":[{"start":{"line":44,"column":4},"end":{"line":44,"column":93}},{"start":{},"end":{}}],"line":44},"2":{"loc":{"start":{"line":48,"column":4},"end":{"line":51,"column":5}},"type":"if","locations":[{"start":{"line":48,"column":4},"end":{"line":51,"column":5}},{"start":{},"end":{}}],"line":48},"3":{"loc":{"start":{"line":50,"column":6},"end":{"line":50,"column":92}},"type":"if","locations":[{"start":{"line":50,"column":6},"end":{"line":50,"column":92}},{"start":{},"end":{}}],"line":50},"4":{"loc":{"start":{"line":58,"column":4},"end":{"line":62,"column":5}},"type":"if","locations":[{"start":{"line":58,"column":4},"end":{"line":62,"column":5}},{"start":{},"end":{}}],"line":58},"5":{"loc":{"start":{"line":61,"column":8},"end":{"line":61,"column":75}},"type":"if","locations":[{"start":{"line":61,"column":8},"end":{"line":61,"column":75}},{"start":{},"end":{}}],"line":61},"6":{"loc":{"start":{"line":61,"column":12},"end":{"line":61,"column":53}},"type":"binary-expr","locations":[{"start":{"line":61,"column":12},"end":{"line":61,"column":19}},{"start":{"line":61,"column":23},"end":{"line":61,"column":53}}],"line":61},"7":{"loc":{"start":{"line":65,"column":4},"end":{"line":72,"column":5}},"type":"if","locations":[{"start":{"line":65,"column":4},"end":{"line":72,"column":5}},{"start":{},"end":{}}],"line":65},"8":{"loc":{"start":{"line":93,"column":2},"end":{"line":93,"column":80}},"type":"if","locations":[{"start":{"line":93,"column":2},"end":{"line":93,"column":80}},{"start":{},"end":{}}],"line":93},"9":{"loc":{"start":{"line":104,"column":4},"end":{"line":111,"column":5}},"type":"if","locations":[{"start":{"line":104,"column":4},"end":{"line":111,"column":5}},{"start":{"line":108,"column":11},"end":{"line":111,"column":5}}],"line":104},"10":{"loc":{"start":{"line":116,"column":4},"end":{"line":118,"column":5}},"type":"if","locations":[{"start":{"line":116,"column":4},"end":{"line":118,"column":5}},{"start":{},"end":{}}],"line":116},"11":{"loc":{"start":{"line":116,"column":8},"end":{"line":116,"column":34}},"type":"binary-expr","locations":[{"start":{"line":116,"column":8},"end":{"line":116,"column":19}},{"start":{"line":116,"column":23},"end":{"line":116,"column":34}}],"line":116},"12":{"loc":{"start":{"line":134,"column":2},"end":{"line":134,"column":100}},"type":"if","locations":[{"start":{"line":134,"column":2},"end":{"line":134,"column":100}},{"start":{},"end":{}}],"line":134},"13":{"loc":{"start":{"line":138,"column":4},"end":{"line":138,"column":109}},"type":"if","locations":[{"start":{"line":138,"column":4},"end":{"line":138,"column":109}},{"start":{},"end":{}}],"line":138},"14":{"loc":{"start":{"line":141,"column":4},"end":{"line":141,"column":91}},"type":"if","locations":[{"start":{"line":141,"column":4},"end":{"line":141,"column":91}},{"start":{},"end":{}}],"line":141},"15":{"loc":{"start":{"line":144,"column":4},"end":{"line":144,"column":109}},"type":"if","locations":[{"start":{"line":144,"column":4},"end":{"line":144,"column":109}},{"start":{},"end":{}}],"line":144},"16":{"loc":{"start":{"line":146,"column":19},"end":{"line":146,"column":71}},"type":"cond-expr","locations":[{"start":{"line":146,"column":49},"end":{"line":146,"column":58}},{"start":{"line":146,"column":61},"end":{"line":146,"column":71}}],"line":146},"17":{"loc":{"start":{"line":160,"column":4},"end":{"line":160,"column":88}},"type":"if","locations":[{"start":{"line":160,"column":4},"end":{"line":160,"column":88}},{"start":{},"end":{}}],"line":160},"18":{"loc":{"start":{"line":169,"column":2},"end":{"line":169,"column":104}},"type":"if","locations":[{"start":{"line":169,"column":2},"end":{"line":169,"column":104}},{"start":{},"end":{}}],"line":169},"19":{"loc":{"start":{"line":172,"column":4},"end":{"line":172,"column":92}},"type":"if","locations":[{"start":{"line":172,"column":4},"end":{"line":172,"column":92}},{"start":{},"end":{}}],"line":172},"20":{"loc":{"start":{"line":181,"column":2},"end":{"line":181,"column":104}},"type":"if","locations":[{"start":{"line":181,"column":2},"end":{"line":181,"column":104}},{"start":{},"end":{}}],"line":181},"21":{"loc":{"start":{"line":184,"column":4},"end":{"line":184,"column":92}},"type":"if","locations":[{"start":{"line":184,"column":4},"end":{"line":184,"column":92}},{"start":{},"end":{}}],"line":184},"22":{"loc":{"start":{"line":195,"column":2},"end":{"line":195,"column":89}},"type":"if","locations":[{"start":{"line":195,"column":2},"end":{"line":195,"column":89}},{"start":{},"end":{}}],"line":195},"23":{"loc":{"start":{"line":199,"column":4},"end":{"line":199,"column":66}},"type":"if","locations":[{"start":{"line":199,"column":4},"end":{"line":199,"column":66}},{"start":{},"end":{}}],"line":199},"24":{"loc":{"start":{"line":214,"column":4},"end":{"line":214,"column":86}},"type":"if","locations":[{"start":{"line":214,"column":4},"end":{"line":214,"column":86}},{"start":{},"end":{}}],"line":214},"25":{"loc":{"start":{"line":223,"column":2},"end":{"line":223,"column":104}},"type":"if","locations":[{"start":{"line":223,"column":2},"end":{"line":223,"column":104}},{"start":{},"end":{}}],"line":223},"26":{"loc":{"start":{"line":273,"column":2},"end":{"line":275,"column":3}},"type":"if","locations":[{"start":{"line":273,"column":2},"end":{"line":275,"column":3}},{"start":{},"end":{}}],"line":273},"27":{"loc":{"start":{"line":273,"column":6},"end":{"line":273,"column":80}},"type":"binary-expr","locations":[{"start":{"line":273,"column":6},"end":{"line":273,"column":41}},{"start":{"line":273,"column":45},"end":{"line":273,"column":80}}],"line":273},"28":{"loc":{"start":{"line":283,"column":4},"end":{"line":285,"column":5}},"type":"if","locations":[{"start":{"line":283,"column":4},"end":{"line":285,"column":5}},{"start":{},"end":{}}],"line":283},"29":{"loc":{"start":{"line":292,"column":4},"end":{"line":296,"column":5}},"type":"if","locations":[{"start":{"line":292,"column":4},"end":{"line":296,"column":5}},{"start":{"line":294,"column":11},"end":{"line":296,"column":5}}],"line":292},"30":{"loc":{"start":{"line":309,"column":2},"end":{"line":311,"column":3}},"type":"if","locations":[{"start":{"line":309,"column":2},"end":{"line":311,"column":3}},{"start":{},"end":{}}],"line":309},"31":{"loc":{"start":{"line":309,"column":6},"end":{"line":309,"column":78}},"type":"binary-expr","locations":[{"start":{"line":309,"column":6},"end":{"line":309,"column":40}},{"start":{"line":309,"column":44},"end":{"line":309,"column":78}}],"line":309},"32":{"loc":{"start":{"line":319,"column":4},"end":{"line":323,"column":5}},"type":"if","locations":[{"start":{"line":319,"column":4},"end":{"line":323,"column":5}},{"start":{"line":321,"column":11},"end":{"line":323,"column":5}}],"line":319},"33":{"loc":{"start":{"line":332,"column":2},"end":{"line":332,"column":104}},"type":"if","locations":[{"start":{"line":332,"column":2},"end":{"line":332,"column":104}},{"start":{},"end":{}}],"line":332},"34":{"loc":{"start":{"line":348,"column":2},"end":{"line":348,"column":104}},"type":"if","locations":[{"start":{"line":348,"column":2},"end":{"line":348,"column":104}},{"start":{},"end":{}}],"line":348},"35":{"loc":{"start":{"line":351,"column":4},"end":{"line":351,"column":93}},"type":"if","locations":[{"start":{"line":351,"column":4},"end":{"line":351,"column":93}},{"start":{},"end":{}}],"line":351}},"s":{"0":4,"1":4,"2":4,"3":4,"4":4,"5":4,"6":4,"7":4,"8":4,"9":4,"10":4,"11":0,"12":0,"13":4,"14":4,"15":2,"16":2,"17":2,"18":2,"19":2,"20":0,"21":4,"22":1,"23":1,"24":1,"25":1,"26":1,"27":0,"28":1,"29":1,"30":1,"31":1,"32":0,"33":1,"34":1,"35":1,"36":1,"37":1,"38":1,"39":1,"40":1,"41":1,"42":1,"43":1,"44":1,"45":1,"46":0,"47":1,"48":0,"49":0,"50":4,"51":1,"52":1,"53":1,"54":1,"55":1,"56":0,"57":1,"58":1,"59":1,"60":1,"61":1,"62":1,"63":1,"64":1,"65":0,"66":0,"67":0,"68":1,"69":1,"70":1,"71":1,"72":0,"73":1,"74":1,"75":0,"76":0,"77":1,"78":4,"79":1,"80":1,"81":1,"82":0,"83":1,"84":1,"85":1,"86":0,"87":1,"88":1,"89":0,"90":1,"91":1,"92":0,"93":1,"94":1,"95":1,"96":0,"97":4,"98":1,"99":1,"100":1,"101":1,"102":1,"103":0,"104":1,"105":0,"106":4,"107":1,"108":0,"109":1,"110":1,"111":1,"112":0,"113":1,"114":0,"115":4,"116":1,"117":0,"118":1,"119":1,"120":1,"121":0,"122":1,"123":0,"124":4,"125":1,"126":1,"127":1,"128":0,"129":1,"130":1,"131":1,"132":1,"133":0,"134":1,"135":1,"136":1,"137":1,"138":0,"139":0,"140":4,"141":1,"142":1,"143":1,"144":0,"145":1,"146":0,"147":4,"148":0,"149":0,"150":0,"151":0,"152":0,"153":0,"154":4,"155":0,"156":0,"157":0,"158":0,"159":4,"160":0,"161":0,"162":0,"163":0,"164":4,"165":0,"166":0,"167":0,"168":0,"169":0,"170":0,"171":0,"172":0,"173":0,"174":0,"175":0,"176":0,"177":0,"178":0,"179":4,"180":0,"181":0,"182":0,"183":0,"184":0,"185":0,"186":0,"187":0,"188":0,"189":0,"190":0,"191":4,"192":0,"193":0,"194":0,"195":0,"196":0,"197":0,"198":4,"199":0,"200":0,"201":0,"202":0,"203":0,"204":0,"205":0,"206":0,"207":4},"f":{"0":0,"1":0,"2":2,"3":1,"4":1,"5":1,"6":1,"7":1,"8":1,"9":1,"10":1,"11":0,"12":0,"13":0,"14":0,"15":0,"16":0,"17":0},"b":{"0":[1,0],"1":[0,1],"2":[1,0],"3":[0,1],"4":[1,0],"5":[1,0],"6":[1,0],"7":[1,0],"8":[0,1],"9":[0,1],"10":[0,1],"11":[1,0],"12":[0,1],"13":[0,1],"14":[0,1],"15":[0,1],"16":[0,1],"17":[0,1],"18":[0,1],"19":[0,1],"20":[0,1],"21":[0,1],"22":[0,1],"23":[0,1],"24":[0,1],"25":[0,0],"26":[0,0],"27":[0,0],"28":[0,0],"29":[0,0],"30":[0,0],"31":[0,0],"32":[0,0],"33":[0,0],"34":[0,0],"35":[0,0]},"_coverageSchema":"1a1c01bbd47fc00a2c39e90264f33305004495a9","hash":"685f6695c7c8acdbb8b84d9a9c0af331a644782b"}
}
