TN:
SF:app.js
FN:25,(anonymous_0)
FNF:1
FNH:0
FNDA:0,(anonymous_0)
DA:1,4
DA:2,4
DA:3,4
DA:4,4
DA:5,4
DA:7,4
DA:9,4
DA:10,4
DA:12,4
DA:13,4
DA:14,0
DA:18,4
DA:19,4
DA:21,4
DA:22,4
DA:23,4
DA:25,4
DA:26,0
DA:29,4
LF:19
LH:17
BRDA:13,0,0,0
BRDA:13,0,1,4
BRF:2
BRH:1
end_of_record
TN:
SF:middleware/auth.js
FN:3,(anonymous_0)
FNF:1
FNH:1
FNDA:1,(anonymous_0)
DA:1,3
DA:3,3
DA:4,1
DA:5,1
DA:7,1
DA:8,1
DA:9,1
DA:10,1
DA:12,0
LF:9
LH:8
BRDA:5,0,0,0
BRDA:5,0,1,1
BRDA:8,1,0,1
BRDA:8,1,1,0
BRF:4
BRH:2
end_of_record
TN:
SF:middleware/optionalAuth.js
FN:3,(anonymous_0)
FNF:1
FNH:1
FNDA:3,(anonymous_0)
DA:1,4
DA:3,4
DA:4,3
DA:5,3
DA:6,1
DA:7,1
DA:10,2
DA:11,2
DA:12,1
DA:13,1
DA:15,1
DA:16,1
LF:12
LH:12
BRDA:5,0,0,1
BRDA:5,0,1,2
BRDA:11,1,0,2
BRDA:11,1,1,0
BRF:4
BRH:3
end_of_record
TN:
SF:routes/auth.js
FN:9,(anonymous_0)
FN:24,(anonymous_1)
FN:34,(anonymous_2)
FN:44,(anonymous_3)
FNF:4
FNH:4
FNDA:4,(anonymous_0)
FNDA:3,(anonymous_1)
FNDA:3,(anonymous_2)
FNDA:2,(anonymous_3)
DA:1,4
DA:2,4
DA:3,4
DA:4,4
DA:5,4
DA:7,4
DA:9,4
DA:10,4
DA:11,4
DA:12,4
DA:13,4
DA:15,3
DA:16,3
DA:18,3
DA:23,3
DA:24,3
DA:25,3
DA:26,3
DA:29,0
DA:30,0
DA:34,4
DA:35,3
DA:36,3
DA:37,3
DA:38,3
DA:40,2
DA:41,2
DA:43,2
DA:44,2
DA:45,2
DA:46,2
DA:49,0
DA:50,0
DA:54,4
LF:34
LH:30
BRDA:13,0,0,1
BRDA:13,0,1,3
BRDA:24,1,0,3
BRDA:24,1,1,0
BRDA:25,2,0,0
BRDA:25,2,1,3
BRDA:38,3,0,1
BRDA:38,3,1,2
BRDA:41,4,0,0
BRDA:41,4,1,2
BRDA:44,5,0,2
BRDA:44,5,1,0
BRDA:45,6,0,0
BRDA:45,6,1,2
BRF:14
BRH:9
end_of_record
TN:
SF:routes/internal.js
FN:8,(anonymous_0)
FN:33,(anonymous_1)
FN:39,(anonymous_2)
FN:46,(anonymous_3)
FN:56,(anonymous_4)
FN:64,(anonymous_5)
FN:72,(anonymous_6)
FN:78,(anonymous_7)
FN:85,(anonymous_8)
FN:95,(anonymous_9)
FN:96,(anonymous_10)
FNF:11
FNH:8
FNDA:2,(anonymous_0)
FNDA:1,(anonymous_1)
FNDA:2,(anonymous_2)
FNDA:1,(anonymous_3)
FNDA:1,(anonymous_4)
FNDA:2,(anonymous_5)
FNDA:1,(anonymous_6)
FNDA:2,(anonymous_7)
FNDA:0,(anonymous_8)
FNDA:0,(anonymous_9)
FNDA:0,(anonymous_10)
DA:1,4
DA:2,4
DA:3,4
DA:5,4
DA:8,4
DA:9,2
DA:10,2
DA:11,2
DA:12,2
DA:14,2
DA:18,2
DA:20,2
DA:22,1
DA:26,1
DA:28,0
DA:33,4
DA:34,1
DA:35,1
DA:39,2
DA:41,0
DA:46,4
DA:47,1
DA:48,1
DA:49,1
DA:51,0
DA:56,4
DA:57,1
DA:58,1
DA:59,1
DA:63,1
DA:64,2
DA:65,1
DA:67,0
DA:72,4
DA:73,1
DA:74,1
DA:78,2
DA:80,0
DA:85,4
DA:86,0
DA:87,0
DA:88,0
DA:94,0
DA:95,0
DA:96,0
DA:97,0
DA:99,0
DA:103,4
LF:48
LH:35
BRDA:12,0,0,0
BRDA:12,0,1,2
BRDA:18,1,0,0
BRDA:18,1,1,2
BRDA:20,2,0,1
BRDA:20,2,1,1
BRDA:20,3,0,2
BRDA:20,3,1,1
BRDA:49,4,0,1
BRDA:49,4,1,0
BRF:10
BRH:7
end_of_record
TN:
SF:routes/users.js
FN:15,(anonymous_0)
FN:16,(anonymous_1)
FN:21,(anonymous_2)
FN:39,(anonymous_3)
FN:87,(anonymous_4)
FN:131,(anonymous_5)
FN:155,(anonymous_6)
FN:168,(anonymous_7)
FN:180,(anonymous_8)
FN:192,(anonymous_9)
FN:211,(anonymous_10)
FN:222,(anonymous_11)
FN:238,(anonymous_12)
FN:253,(anonymous_13)
FN:268,(anonymous_14)
FN:304,(anonymous_15)
FN:331,(anonymous_16)
FN:347,(anonymous_17)
FNF:18
FNH:9
FNDA:0,(anonymous_0)
FNDA:0,(anonymous_1)
FNDA:2,(anonymous_2)
FNDA:1,(anonymous_3)
FNDA:1,(anonymous_4)
FNDA:1,(anonymous_5)
FNDA:1,(anonymous_6)
FNDA:1,(anonymous_7)
FNDA:1,(anonymous_8)
FNDA:1,(anonymous_9)
FNDA:1,(anonymous_10)
FNDA:0,(anonymous_11)
FNDA:0,(anonymous_12)
FNDA:0,(anonymous_13)
FNDA:0,(anonymous_14)
FNDA:0,(anonymous_15)
FNDA:0,(anonymous_16)
FNDA:0,(anonymous_17)
DA:1,4
DA:2,4
DA:3,4
DA:4,4
DA:5,4
DA:6,4
DA:7,4
DA:8,4
DA:9,4
DA:11,4
DA:14,4
DA:15,0
DA:16,0
DA:18,4
DA:21,4
DA:22,2
DA:23,2
DA:24,2
DA:25,2
DA:32,2
DA:34,0
DA:39,4
DA:40,1
DA:41,1
DA:42,1
DA:43,1
DA:44,1
DA:45,1
DA:48,1
DA:49,1
DA:50,1
DA:53,1
DA:54,1
DA:57,1
DA:58,1
DA:59,1
DA:60,1
DA:61,1
DA:64,1
DA:65,1
DA:66,1
DA:67,1
DA:68,1
DA:70,0
DA:74,1
DA:81,0
DA:82,0
DA:87,4
DA:88,1
DA:89,1
DA:90,1
DA:91,1
DA:93,1
DA:95,1
DA:96,1
DA:97,1
DA:98,1
DA:99,1
DA:101,1
DA:102,1
DA:104,1
DA:105,0
DA:106,0
DA:107,0
DA:109,1
DA:110,1
DA:113,1
DA:116,1
DA:117,0
DA:120,1
DA:121,1
DA:123,0
DA:124,0
DA:126,1
DA:131,4
DA:132,1
DA:133,1
DA:134,1
DA:136,1
DA:137,1
DA:138,1
DA:140,1
DA:141,1
DA:143,1
DA:144,1
DA:146,1
DA:147,1
DA:148,1
DA:150,0
DA:155,4
DA:156,1
DA:157,1
DA:158,1
DA:159,1
DA:160,1
DA:161,1
DA:163,0
DA:168,4
DA:169,1
DA:170,1
DA:171,1
DA:172,1
DA:173,1
DA:175,0
DA:180,4
DA:181,1
DA:182,1
DA:183,1
DA:184,1
DA:185,1
DA:187,0
DA:192,4
DA:193,1
DA:194,1
DA:195,1
DA:196,1
DA:197,1
DA:198,1
DA:199,1
DA:200,1
DA:201,1
DA:202,1
DA:203,1
DA:205,0
DA:206,0
DA:211,4
DA:212,1
DA:213,1
DA:214,1
DA:215,1
DA:217,0
DA:222,4
DA:223,0
DA:224,0
DA:225,0
DA:231,0
DA:233,0
DA:238,4
DA:239,0
DA:240,0
DA:246,0
DA:248,0
DA:253,4
DA:254,0
DA:255,0
DA:261,0
DA:263,0
DA:268,4
DA:269,0
DA:270,0
DA:273,0
DA:274,0
DA:277,0
DA:279,0
DA:283,0
DA:284,0
DA:287,0
DA:292,0
DA:293,0
DA:295,0
DA:298,0
DA:299,0
DA:304,4
DA:305,0
DA:306,0
DA:309,0
DA:310,0
DA:313,0
DA:314,0
DA:319,0
DA:320,0
DA:322,0
DA:325,0
DA:326,0
DA:331,4
DA:332,0
DA:333,0
DA:334,0
DA:340,0
DA:342,0
DA:347,4
DA:348,0
DA:349,0
DA:350,0
DA:351,0
DA:352,0
DA:354,0
DA:358,4
LF:188
LH:120
BRDA:41,0,0,1
BRDA:41,0,1,0
BRDA:44,1,0,0
BRDA:44,1,1,1
BRDA:48,2,0,1
BRDA:48,2,1,0
BRDA:50,3,0,0
BRDA:50,3,1,1
BRDA:58,4,0,1
BRDA:58,4,1,0
BRDA:61,5,0,1
BRDA:61,5,1,0
BRDA:61,6,0,1
BRDA:61,6,1,0
BRDA:65,7,0,1
BRDA:65,7,1,0
BRDA:93,8,0,0
BRDA:93,8,1,1
BRDA:104,9,0,0
BRDA:104,9,1,1
BRDA:116,10,0,0
BRDA:116,10,1,1
BRDA:116,11,0,1
BRDA:116,11,1,0
BRDA:134,12,0,0
BRDA:134,12,1,1
BRDA:138,13,0,0
BRDA:138,13,1,1
BRDA:141,14,0,0
BRDA:141,14,1,1
BRDA:144,15,0,0
BRDA:144,15,1,1
BRDA:146,16,0,0
BRDA:146,16,1,1
BRDA:160,17,0,0
BRDA:160,17,1,1
BRDA:169,18,0,0
BRDA:169,18,1,1
BRDA:172,19,0,0
BRDA:172,19,1,1
BRDA:181,20,0,0
BRDA:181,20,1,1
BRDA:184,21,0,0
BRDA:184,21,1,1
BRDA:195,22,0,0
BRDA:195,22,1,1
BRDA:199,23,0,0
BRDA:199,23,1,1
BRDA:214,24,0,0
BRDA:214,24,1,1
BRDA:223,25,0,0
BRDA:223,25,1,0
BRDA:273,26,0,0
BRDA:273,26,1,0
BRDA:273,27,0,0
BRDA:273,27,1,0
BRDA:283,28,0,0
BRDA:283,28,1,0
BRDA:292,29,0,0
BRDA:292,29,1,0
BRDA:309,30,0,0
BRDA:309,30,1,0
BRDA:309,31,0,0
BRDA:309,31,1,0
BRDA:319,32,0,0
BRDA:319,32,1,0
BRDA:332,33,0,0
BRDA:332,33,1,0
BRDA:348,34,0,0
BRDA:348,34,1,0
BRDA:351,35,0,0
BRDA:351,35,1,0
BRF:72
BRH:25
end_of_record
